{"/Users/chengsong/my-app/src/App.js": {"path":"/Users/chengsong/my-app/src/App.js","statementMap":{"0":{"start":{"line":1,"column":13},"end":{"line":1,"column":75}},"1":{"start":{"line":1,"column":94},"end":{"line":1,"column":130}},"2":{"start":{"line":1,"column":144},"end":{"line":1,"column":160}},"3":{"start":{"line":1,"column":175},"end":{"line":1,"column":205}},"4":{"start":{"line":2,"column":22},"end":{"line":2,"column":49}},"5":{"start":{"line":3,"column":13},"end":{"line":3,"column":43}},"6":{"start":{"line":3,"column":58},"end":{"line":3,"column":88}},"7":{"start":{"line":4,"column":14},"end":{"line":4,"column":44}},"8":{"start":{"line":4,"column":59},"end":{"line":4,"column":90}},"9":{"start":{"line":5,"column":14},"end":{"line":5,"column":46}},"10":{"start":{"line":5,"column":61},"end":{"line":5,"column":92}},"11":{"start":{"line":6,"column":14},"end":{"line":6,"column":44}},"12":{"start":{"line":6,"column":59},"end":{"line":6,"column":90}},"13":{"start":{"line":7,"column":0},"end":{"line":7,"column":21}},"14":{"start":{"line":7,"column":59},"end":{"line":7,"column":113}},"15":{"start":{"line":12,"column":4},"end":{"line":18,"column":194}},"16":{"start":{"line":22,"column":4},"end":{"line":25,"column":4}}},"fnMap":{"0":{"name":"_interopRequireDefault","decl":{"start":{"line":7,"column":30},"end":{"line":7,"column":52}},"loc":{"start":{"line":7,"column":58},"end":{"line":7,"column":114}},"line":7},"1":{"name":"(anonymous_1)","decl":{"start":{"line":11,"column":2},"end":{"line":11,"column":3}},"loc":{"start":{"line":11,"column":11},"end":{"line":22,"column":3}},"line":11}},"branchMap":{"0":{"loc":{"start":{"line":7,"column":66},"end":{"line":7,"column":112}},"type":"cond-expr","locations":[{"start":{"line":7,"column":90},"end":{"line":7,"column":93}},{"start":{"line":7,"column":96},"end":{"line":7,"column":112}}],"line":7},"1":{"loc":{"start":{"line":7,"column":66},"end":{"line":7,"column":87}},"type":"binary-expr","locations":[{"start":{"line":7,"column":66},"end":{"line":7,"column":69}},{"start":{"line":7,"column":73},"end":{"line":7,"column":87}}],"line":7}},"s":{"0":0,"1":0,"2":0,"3":0,"4":0,"5":0,"6":0,"7":0,"8":0,"9":0,"10":0,"11":0,"12":0,"13":0,"14":0,"15":0,"16":0},"f":{"0":0,"1":0},"b":{"0":[0,0],"1":[0,0]}}
,"/Users/chengsong/my-app/src/index.js": {"path":"/Users/chengsong/my-app/src/index.js","statementMap":{"0":{"start":{"line":1,"column":32},"end":{"line":1,"column":70}},"1":{"start":{"line":1,"column":84},"end":{"line":1,"column":100}},"2":{"start":{"line":1,"column":115},"end":{"line":1,"column":145}},"3":{"start":{"line":2,"column":16},"end":{"line":2,"column":36}},"4":{"start":{"line":2,"column":54},"end":{"line":2,"column":87}},"5":{"start":{"line":3,"column":0},"end":{"line":3,"column":27}},"6":{"start":{"line":4,"column":0},"end":{"line":4,"column":23}},"7":{"start":{"line":5,"column":0},"end":{"line":5,"column":24}},"8":{"start":{"line":6,"column":11},"end":{"line":6,"column":27}},"9":{"start":{"line":6,"column":40},"end":{"line":6,"column":68}},"10":{"start":{"line":7,"column":29},"end":{"line":7,"column":63}},"11":{"start":{"line":7,"column":94},"end":{"line":7,"column":140}},"12":{"start":{"line":7,"column":179},"end":{"line":7,"column":233}},"13":{"start":{"line":9,"column":0},"end":{"line":9,"column":181}},"14":{"start":{"line":10,"column":0},"end":{"line":10,"column":39}}},"fnMap":{"0":{"name":"_interopRequireDefault","decl":{"start":{"line":7,"column":150},"end":{"line":7,"column":172}},"loc":{"start":{"line":7,"column":178},"end":{"line":7,"column":234}},"line":7}},"branchMap":{"0":{"loc":{"start":{"line":7,"column":186},"end":{"line":7,"column":232}},"type":"cond-expr","locations":[{"start":{"line":7,"column":210},"end":{"line":7,"column":213}},{"start":{"line":7,"column":216},"end":{"line":7,"column":232}}],"line":7},"1":{"loc":{"start":{"line":7,"column":186},"end":{"line":7,"column":207}},"type":"binary-expr","locations":[{"start":{"line":7,"column":186},"end":{"line":7,"column":189}},{"start":{"line":7,"column":193},"end":{"line":7,"column":207}}],"line":7}},"s":{"0":0,"1":0,"2":0,"3":0,"4":0,"5":0,"6":0,"7":0,"8":0,"9":0,"10":0,"11":0,"12":0,"13":0,"14":0},"f":{"0":0},"b":{"0":[0,0],"1":[0,0]}}
,"/Users/chengsong/my-app/src/registerServiceWorker.js": {"path":"/Users/chengsong/my-app/src/registerServiceWorker.js","statementMap":{"0":{"start":{"line":1,"column":13},"end":{"line":1,"column":75}},"1":{"start":{"line":1,"column":75},"end":{"line":21,"column":9}},"2":{"start":{"line":21,"column":9},"end":{"line":111,"column":24}},"3":{"start":{"line":118,"column":20},"end":{"line":120,"column":89}},"4":{"start":{"line":120,"column":111},"end":{"line":128,"column":36}},"5":{"start":{"line":121,"column":22},"end":{"line":121,"column":70}},"6":{"start":{"line":121,"column":71},"end":{"line":124,"column":14}},"7":{"start":{"line":124,"column":6},"end":{"line":124,"column":13}},"8":{"start":{"line":124,"column":14},"end":{"line":128,"column":35}},"9":{"start":{"line":124,"column":67},"end":{"line":124,"column":112}},"10":{"start":{"line":124,"column":113},"end":{"line":128,"column":32}},"11":{"start":{"line":125,"column":8},"end":{"line":125,"column":39}},"12":{"start":{"line":127,"column":8},"end":{"line":127,"column":178}},"13":{"start":{"line":127,"column":50},"end":{"line":127,"column":175}},"14":{"start":{"line":128,"column":8},"end":{"line":128,"column":31}},"15":{"start":{"line":128,"column":70},"end":{"line":135,"column":156}},"16":{"start":{"line":128,"column":132},"end":{"line":135,"column":68}},"17":{"start":{"line":128,"column":193},"end":{"line":128,"column":216}},"18":{"start":{"line":128,"column":217},"end":{"line":135,"column":66}},"19":{"start":{"line":128,"column":257},"end":{"line":135,"column":64}},"20":{"start":{"line":128,"column":302},"end":{"line":135,"column":63}},"21":{"start":{"line":132,"column":12},"end":{"line":132,"column":69}},"22":{"start":{"line":135,"column":12},"end":{"line":135,"column":62}},"23":{"start":{"line":135,"column":87},"end":{"line":135,"column":153}},"24":{"start":{"line":136,"column":2},"end":{"line":139,"column":126}},"25":{"start":{"line":137,"column":4},"end":{"line":139,"column":30}},"26":{"start":{"line":138,"column":6},"end":{"line":138,"column":127}},"27":{"start":{"line":138,"column":58},"end":{"line":138,"column":124}},"28":{"start":{"line":138,"column":96},"end":{"line":138,"column":121}},"29":{"start":{"line":139,"column":6},"end":{"line":139,"column":29}},"30":{"start":{"line":139,"column":46},"end":{"line":139,"column":123}},"31":{"start":{"line":139,"column":150},"end":{"line":139,"column":267}},"32":{"start":{"line":139,"column":185},"end":{"line":139,"column":266}},"33":{"start":{"line":139,"column":237},"end":{"line":139,"column":263}}},"fnMap":{"0":{"name":"register","decl":{"start":{"line":120,"column":99},"end":{"line":120,"column":107}},"loc":{"start":{"line":120,"column":110},"end":{"line":128,"column":37}},"line":120},"1":{"name":"(anonymous_1)","decl":{"start":{"line":124,"column":46},"end":{"line":124,"column":47}},"loc":{"start":{"line":124,"column":52},"end":{"line":128,"column":33}},"line":124},"2":{"name":"(anonymous_2)","decl":{"start":{"line":127,"column":43},"end":{"line":127,"column":44}},"loc":{"start":{"line":127,"column":49},"end":{"line":127,"column":176}},"line":127},"3":{"name":"registerValidSW","decl":{"start":{"line":128,"column":46},"end":{"line":128,"column":61}},"loc":{"start":{"line":128,"column":69},"end":{"line":135,"column":157}},"line":128},"4":{"name":"(anonymous_4)","decl":{"start":{"line":128,"column":115},"end":{"line":128,"column":116}},"loc":{"start":{"line":128,"column":131},"end":{"line":135,"column":69}},"line":128},"5":{"name":"(anonymous_5)","decl":{"start":{"line":128,"column":161},"end":{"line":128,"column":162}},"loc":{"start":{"line":128,"column":167},"end":{"line":135,"column":67}},"line":128},"6":{"name":"(anonymous_6)","decl":{"start":{"line":128,"column":250},"end":{"line":128,"column":251}},"loc":{"start":{"line":128,"column":256},"end":{"line":135,"column":65}},"line":128},"7":{"name":"(anonymous_7)","decl":{"start":{"line":135,"column":77},"end":{"line":135,"column":78}},"loc":{"start":{"line":135,"column":86},"end":{"line":135,"column":154}},"line":135},"8":{"name":"checkValidServiceWorker","decl":{"start":{"line":135,"column":166},"end":{"line":135,"column":189}},"loc":{"start":{"line":135,"column":197},"end":{"line":139,"column":127}},"line":135},"9":{"name":"(anonymous_9)","decl":{"start":{"line":136,"column":20},"end":{"line":136,"column":21}},"loc":{"start":{"line":136,"column":32},"end":{"line":139,"column":31}},"line":136},"10":{"name":"(anonymous_10)","decl":{"start":{"line":138,"column":41},"end":{"line":138,"column":42}},"loc":{"start":{"line":138,"column":57},"end":{"line":138,"column":125}},"line":138},"11":{"name":"(anonymous_11)","decl":{"start":{"line":138,"column":89},"end":{"line":138,"column":90}},"loc":{"start":{"line":138,"column":95},"end":{"line":138,"column":122}},"line":138},"12":{"name":"(anonymous_12)","decl":{"start":{"line":139,"column":39},"end":{"line":139,"column":40}},"loc":{"start":{"line":139,"column":45},"end":{"line":139,"column":124}},"line":139},"13":{"name":"unregister","decl":{"start":{"line":139,"column":136},"end":{"line":139,"column":146}},"loc":{"start":{"line":139,"column":149},"end":{"line":139,"column":268}},"line":139},"14":{"name":"(anonymous_14)","decl":{"start":{"line":139,"column":220},"end":{"line":139,"column":221}},"loc":{"start":{"line":139,"column":236},"end":{"line":139,"column":264}},"line":139}},"branchMap":{"0":{"loc":{"start":{"line":118,"column":28},"end":{"line":120,"column":88}},"type":"binary-expr","locations":[{"start":{"line":118,"column":28},"end":{"line":118,"column":68}},{"start":{"line":119,"column":0},"end":{"line":119,"column":36}},{"start":{"line":120,"column":0},"end":{"line":120,"column":88}}],"line":118},"1":{"loc":{"start":{"line":120,"column":111},"end":{"line":128,"column":36}},"type":"if","locations":[{"start":{"line":120,"column":111},"end":{"line":128,"column":36}},{"start":{"line":120,"column":111},"end":{"line":128,"column":36}}],"line":120},"2":{"loc":{"start":{"line":120,"column":115},"end":{"line":120,"column":184}},"type":"binary-expr","locations":[{"start":{"line":120,"column":115},"end":{"line":120,"column":152}},{"start":{"line":120,"column":156},"end":{"line":120,"column":184}}],"line":120},"3":{"loc":{"start":{"line":121,"column":71},"end":{"line":124,"column":14}},"type":"if","locations":[{"start":{"line":121,"column":71},"end":{"line":124,"column":14}},{"start":{"line":121,"column":71},"end":{"line":124,"column":14}}],"line":121},"4":{"loc":{"start":{"line":124,"column":113},"end":{"line":128,"column":32}},"type":"if","locations":[{"start":{"line":124,"column":113},"end":{"line":128,"column":32}},{"start":{"line":124,"column":113},"end":{"line":128,"column":32}}],"line":124},"5":{"loc":{"start":{"line":128,"column":257},"end":{"line":135,"column":64}},"type":"if","locations":[{"start":{"line":128,"column":257},"end":{"line":135,"column":64}},{"start":{"line":128,"column":257},"end":{"line":135,"column":64}}],"line":128},"6":{"loc":{"start":{"line":128,"column":302},"end":{"line":135,"column":63}},"type":"if","locations":[{"start":{"line":128,"column":302},"end":{"line":135,"column":63}},{"start":{"line":128,"column":302},"end":{"line":135,"column":63}}],"line":128},"7":{"loc":{"start":{"line":137,"column":4},"end":{"line":139,"column":30}},"type":"if","locations":[{"start":{"line":137,"column":4},"end":{"line":139,"column":30}},{"start":{"line":137,"column":4},"end":{"line":139,"column":30}}],"line":137},"8":{"loc":{"start":{"line":137,"column":8},"end":{"line":137,"column":100}},"type":"binary-expr","locations":[{"start":{"line":137,"column":8},"end":{"line":137,"column":31}},{"start":{"line":137,"column":35},"end":{"line":137,"column":100}}],"line":137},"9":{"loc":{"start":{"line":139,"column":150},"end":{"line":139,"column":267}},"type":"if","locations":[{"start":{"line":139,"column":150},"end":{"line":139,"column":267}},{"start":{"line":139,"column":150},"end":{"line":139,"column":267}}],"line":139}},"s":{"0":0,"1":0,"2":0,"3":0,"4":0,"5":0,"6":0,"7":0,"8":0,"9":0,"10":0,"11":0,"12":0,"13":0,"14":0,"15":0,"16":0,"17":0,"18":0,"19":0,"20":0,"21":0,"22":0,"23":0,"24":0,"25":0,"26":0,"27":0,"28":0,"29":0,"30":0,"31":0,"32":0,"33":0},"f":{"0":0,"1":0,"2":0,"3":0,"4":0,"5":0,"6":0,"7":0,"8":0,"9":0,"10":0,"11":0,"12":0,"13":0,"14":0},"b":{"0":[0,0,0],"1":[0,0],"2":[0,0],"3":[0,0],"4":[0,0],"5":[0,0],"6":[0,0],"7":[0,0],"8":[0,0],"9":[0,0]}}
,"/Users/chengsong/my-app/src/components/CollapsibleText.jsx": {"path":"/Users/chengsong/my-app/src/components/CollapsibleText.jsx","statementMap":{"0":{"start":{"line":1,"column":13},"end":{"line":1,"column":75}},"1":{"start":{"line":1,"column":94},"end":{"line":1,"column":154}},"2":{"start":{"line":1,"column":168},"end":{"line":1,"column":184}},"3":{"start":{"line":1,"column":199},"end":{"line":1,"column":229}},"4":{"start":{"line":2,"column":16},"end":{"line":2,"column":36}},"5":{"start":{"line":2,"column":54},"end":{"line":2,"column":87}},"6":{"start":{"line":3,"column":17},"end":{"line":3,"column":38}},"7":{"start":{"line":3,"column":57},"end":{"line":3,"column":91}},"8":{"start":{"line":4,"column":0},"end":{"line":4,"column":33}},"9":{"start":{"line":4,"column":71},"end":{"line":4,"column":125}},"10":{"start":{"line":7,"column":80},"end":{"line":37,"column":13}},"11":{"start":{"line":32,"column":6},"end":{"line":36,"column":7}},"12":{"start":{"line":33,"column":8},"end":{"line":34,"column":48}},"13":{"start":{"line":33,"column":36},"end":{"line":34,"column":45}},"14":{"start":{"line":37,"column":47},"end":{"line":37,"column":83}},"15":{"start":{"line":37,"column":98},"end":{"line":37,"column":115}},"16":{"start":{"line":37,"column":116},"end":{"line":37,"column":206}},"17":{"start":{"line":37,"column":147},"end":{"line":37,"column":205}},"18":{"start":{"line":40,"column":17},"end":{"line":40,"column":38}},"19":{"start":{"line":41,"column":16},"end":{"line":41,"column":61}},"20":{"start":{"line":42,"column":22},"end":{"line":42,"column":61}},"21":{"start":{"line":43,"column":4},"end":{"line":46,"column":197}},"22":{"start":{"line":49,"column":4},"end":{"line":49,"column":50}},"23":{"start":{"line":52,"column":0},"end":{"line":54,"column":39}},"24":{"start":{"line":54,"column":39},"end":{"line":57,"column":16}}},"fnMap":{"0":{"name":"_interopRequireDefault","decl":{"start":{"line":4,"column":42},"end":{"line":4,"column":64}},"loc":{"start":{"line":4,"column":70},"end":{"line":4,"column":126}},"line":4},"1":{"name":"(anonymous_1)","decl":{"start":{"line":7,"column":48},"end":{"line":7,"column":49}},"loc":{"start":{"line":7,"column":69},"end":{"line":37,"column":14}},"line":7},"2":{"name":"(anonymous_2)","decl":{"start":{"line":31,"column":19},"end":{"line":31,"column":20}},"loc":{"start":{"line":31,"column":25},"end":{"line":37,"column":5}},"line":31},"3":{"name":"(anonymous_3)","decl":{"start":{"line":33,"column":22},"end":{"line":33,"column":23}},"loc":{"start":{"line":33,"column":36},"end":{"line":34,"column":45}},"line":33},"4":{"name":"(anonymous_4)","decl":{"start":{"line":37,"column":14},"end":{"line":37,"column":15}},"loc":{"start":{"line":37,"column":34},"end":{"line":37,"column":207}},"line":37},"5":{"name":"(anonymous_5)","decl":{"start":{"line":39,"column":2},"end":{"line":39,"column":3}},"loc":{"start":{"line":39,"column":11},"end":{"line":49,"column":3}},"line":39}},"branchMap":{"0":{"loc":{"start":{"line":4,"column":78},"end":{"line":4,"column":124}},"type":"cond-expr","locations":[{"start":{"line":4,"column":102},"end":{"line":4,"column":105}},{"start":{"line":4,"column":108},"end":{"line":4,"column":124}}],"line":4},"1":{"loc":{"start":{"line":4,"column":78},"end":{"line":4,"column":99}},"type":"binary-expr","locations":[{"start":{"line":4,"column":78},"end":{"line":4,"column":81}},{"start":{"line":4,"column":85},"end":{"line":4,"column":99}}],"line":4},"2":{"loc":{"start":{"line":32,"column":6},"end":{"line":36,"column":7}},"type":"if","locations":[{"start":{"line":32,"column":6},"end":{"line":36,"column":7}},{"start":{"line":32,"column":6},"end":{"line":36,"column":7}}],"line":32},"3":{"loc":{"start":{"line":37,"column":116},"end":{"line":37,"column":206}},"type":"if","locations":[{"start":{"line":37,"column":116},"end":{"line":37,"column":206}},{"start":{"line":37,"column":116},"end":{"line":37,"column":206}}],"line":37},"4":{"loc":{"start":{"line":41,"column":16},"end":{"line":41,"column":61}},"type":"cond-expr","locations":[{"start":{"line":41,"column":29},"end":{"line":41,"column":56}},{"start":{"line":41,"column":59},"end":{"line":41,"column":61}}],"line":41},"5":{"loc":{"start":{"line":42,"column":22},"end":{"line":42,"column":61}},"type":"cond-expr","locations":[{"start":{"line":42,"column":35},"end":{"line":42,"column":52}},{"start":{"line":42,"column":55},"end":{"line":42,"column":61}}],"line":42},"6":{"loc":{"start":{"line":46,"column":8},"end":{"line":46,"column":194}},"type":"binary-expr","locations":[{"start":{"line":46,"column":8},"end":{"line":46,"column":29}},{"start":{"line":46,"column":33},"end":{"line":46,"column":194}}],"line":46}},"s":{"0":0,"1":0,"2":0,"3":0,"4":0,"5":0,"6":0,"7":0,"8":0,"9":0,"10":0,"11":0,"12":0,"13":0,"14":0,"15":0,"16":0,"17":0,"18":0,"19":0,"20":0,"21":0,"22":0,"23":0,"24":0},"f":{"0":0,"1":0,"2":0,"3":0,"4":0,"5":0},"b":{"0":[0,0],"1":[0,0],"2":[0,0],"3":[0,0],"4":[0,0],"5":[0,0],"6":[0,0]}}
,"/Users/chengsong/my-app/src/components/LineLink.jsx": {"path":"/Users/chengsong/my-app/src/components/LineLink.jsx","statementMap":{"0":{"start":{"line":1,"column":13},"end":{"line":1,"column":75}},"1":{"start":{"line":1,"column":94},"end":{"line":1,"column":147}},"2":{"start":{"line":1,"column":161},"end":{"line":1,"column":177}},"3":{"start":{"line":1,"column":192},"end":{"line":1,"column":222}},"4":{"start":{"line":2,"column":17},"end":{"line":2,"column":38}},"5":{"start":{"line":2,"column":57},"end":{"line":2,"column":91}},"6":{"start":{"line":3,"column":0},"end":{"line":3,"column":26}},"7":{"start":{"line":3,"column":64},"end":{"line":3,"column":118}},"8":{"start":{"line":5,"column":17},"end":{"line":13,"column":1}},"9":{"start":{"line":6,"column":2},"end":{"line":10,"column":150}},"10":{"start":{"line":15,"column":0},"end":{"line":18,"column":38}},"11":{"start":{"line":18,"column":38},"end":{"line":21,"column":9}}},"fnMap":{"0":{"name":"_interopRequireDefault","decl":{"start":{"line":3,"column":35},"end":{"line":3,"column":57}},"loc":{"start":{"line":3,"column":63},"end":{"line":3,"column":119}},"line":3},"1":{"name":"(anonymous_1)","decl":{"start":{"line":5,"column":17},"end":{"line":5,"column":18}},"loc":{"start":{"line":5,"column":45},"end":{"line":13,"column":1}},"line":5}},"branchMap":{"0":{"loc":{"start":{"line":3,"column":71},"end":{"line":3,"column":117}},"type":"cond-expr","locations":[{"start":{"line":3,"column":95},"end":{"line":3,"column":98}},{"start":{"line":3,"column":101},"end":{"line":3,"column":117}}],"line":3},"1":{"loc":{"start":{"line":3,"column":71},"end":{"line":3,"column":92}},"type":"binary-expr","locations":[{"start":{"line":3,"column":71},"end":{"line":3,"column":74}},{"start":{"line":3,"column":78},"end":{"line":3,"column":92}}],"line":3}},"s":{"0":0,"1":0,"2":0,"3":0,"4":0,"5":0,"6":0,"7":0,"8":0,"9":0,"10":0,"11":0},"f":{"0":0,"1":0},"b":{"0":[0,0],"1":[0,0]}}
,"/Users/chengsong/my-app/src/components/RenderToBody.jsx": {"path":"/Users/chengsong/my-app/src/components/RenderToBody.jsx","statementMap":{"0":{"start":{"line":1,"column":13},"end":{"line":1,"column":75}},"1":{"start":{"line":1,"column":94},"end":{"line":1,"column":151}},"2":{"start":{"line":1,"column":165},"end":{"line":1,"column":181}},"3":{"start":{"line":1,"column":196},"end":{"line":1,"column":226}},"4":{"start":{"line":2,"column":17},"end":{"line":2,"column":38}},"5":{"start":{"line":2,"column":57},"end":{"line":2,"column":91}},"6":{"start":{"line":3,"column":16},"end":{"line":3,"column":36}},"7":{"start":{"line":3,"column":54},"end":{"line":3,"column":87}},"8":{"start":{"line":3,"column":126},"end":{"line":3,"column":180}},"9":{"start":{"line":5,"column":77},"end":{"line":35,"column":13}},"10":{"start":{"line":21,"column":6},"end":{"line":23,"column":18}},"11":{"start":{"line":28,"column":6},"end":{"line":30,"column":7}},"12":{"start":{"line":29,"column":8},"end":{"line":29,"column":15}},"13":{"start":{"line":32,"column":6},"end":{"line":32,"column":60}},"14":{"start":{"line":33,"column":6},"end":{"line":33,"column":44}},"15":{"start":{"line":34,"column":6},"end":{"line":34,"column":24}},"16":{"start":{"line":35,"column":35},"end":{"line":35,"column":78}},"17":{"start":{"line":35,"column":78},"end":{"line":35,"column":116}},"18":{"start":{"line":35,"column":116},"end":{"line":35,"column":137}},"19":{"start":{"line":35,"column":160},"end":{"line":35,"column":181}},"20":{"start":{"line":35,"column":206},"end":{"line":35,"column":229}},"21":{"start":{"line":38,"column":4},"end":{"line":38,"column":120}},"22":{"start":{"line":42,"column":0},"end":{"line":43,"column":38}},"23":{"start":{"line":43,"column":38},"end":{"line":46,"column":13}}},"fnMap":{"0":{"name":"_interopRequireDefault","decl":{"start":{"line":3,"column":97},"end":{"line":3,"column":119}},"loc":{"start":{"line":3,"column":125},"end":{"line":3,"column":181}},"line":3},"1":{"name":"(anonymous_1)","decl":{"start":{"line":5,"column":45},"end":{"line":5,"column":46}},"loc":{"start":{"line":5,"column":66},"end":{"line":35,"column":14}},"line":5},"2":{"name":"(anonymous_2)","decl":{"start":{"line":20,"column":20},"end":{"line":20,"column":21}},"loc":{"start":{"line":20,"column":26},"end":{"line":25,"column":5}},"line":20},"3":{"name":"(anonymous_3)","decl":{"start":{"line":27,"column":22},"end":{"line":27,"column":23}},"loc":{"start":{"line":27,"column":28},"end":{"line":35,"column":5}},"line":27},"4":{"name":"(anonymous_4)","decl":{"start":{"line":35,"column":14},"end":{"line":35,"column":15}},"loc":{"start":{"line":35,"column":34},"end":{"line":35,"column":138}},"line":35},"5":{"name":"(anonymous_5)","decl":{"start":{"line":35,"column":138},"end":{"line":35,"column":139}},"loc":{"start":{"line":35,"column":159},"end":{"line":35,"column":182}},"line":35},"6":{"name":"(anonymous_6)","decl":{"start":{"line":35,"column":182},"end":{"line":35,"column":183}},"loc":{"start":{"line":35,"column":205},"end":{"line":35,"column":230}},"line":35},"7":{"name":"(anonymous_7)","decl":{"start":{"line":37,"column":2},"end":{"line":37,"column":3}},"loc":{"start":{"line":37,"column":11},"end":{"line":39,"column":3}},"line":37}},"branchMap":{"0":{"loc":{"start":{"line":3,"column":133},"end":{"line":3,"column":179}},"type":"cond-expr","locations":[{"start":{"line":3,"column":157},"end":{"line":3,"column":160}},{"start":{"line":3,"column":163},"end":{"line":3,"column":179}}],"line":3},"1":{"loc":{"start":{"line":3,"column":133},"end":{"line":3,"column":154}},"type":"binary-expr","locations":[{"start":{"line":3,"column":133},"end":{"line":3,"column":136}},{"start":{"line":3,"column":140},"end":{"line":3,"column":154}}],"line":3},"2":{"loc":{"start":{"line":28,"column":6},"end":{"line":30,"column":7}},"type":"if","locations":[{"start":{"line":28,"column":6},"end":{"line":30,"column":7}},{"start":{"line":28,"column":6},"end":{"line":30,"column":7}}],"line":28}},"s":{"0":0,"1":0,"2":0,"3":0,"4":0,"5":0,"6":0,"7":0,"8":0,"9":0,"10":0,"11":0,"12":0,"13":0,"14":0,"15":0,"16":0,"17":0,"18":0,"19":0,"20":0,"21":0,"22":0,"23":0},"f":{"0":0,"1":0,"2":0,"3":0,"4":0,"5":0,"6":0,"7":0},"b":{"0":[0,0],"1":[0,0],"2":[0,0]}}
,"/Users/chengsong/my-app/src/components/Star.jsx": {"path":"/Users/chengsong/my-app/src/components/Star.jsx","statementMap":{"0":{"start":{"line":10,"column":13},"end":{"line":18,"column":1}},"1":{"start":{"line":11,"column":17},"end":{"line":11,"column":28}},"2":{"start":{"line":13,"column":2},"end":{"line":17,"column":4}},"3":{"start":{"line":20,"column":0},"end":{"line":23,"column":1}}},"fnMap":{"0":{"name":"(anonymous_0)","decl":{"start":{"line":10,"column":13},"end":{"line":10,"column":14}},"loc":{"start":{"line":10,"column":39},"end":{"line":18,"column":1}},"line":10}},"branchMap":{"0":{"loc":{"start":{"line":10,"column":23},"end":{"line":10,"column":32}},"type":"default-arg","locations":[{"start":{"line":10,"column":30},"end":{"line":10,"column":32}}],"line":10}},"s":{"0":1,"1":1,"2":1,"3":1},"f":{"0":1},"b":{"0":[1]},"_coverageSchema":"332fd63041d2c1bcb487cc26dd0d5f7d97098a6c","hash":"a805e5ee3e544b47cda682c7103c4ca0bdabf3c4"}
,"/Users/chengsong/my-app/src/components/TabMenu.jsx": {"path":"/Users/chengsong/my-app/src/components/TabMenu.jsx","statementMap":{"0":{"start":{"line":1,"column":13},"end":{"line":1,"column":75}},"1":{"start":{"line":1,"column":94},"end":{"line":1,"column":146}},"2":{"start":{"line":1,"column":160},"end":{"line":1,"column":176}},"3":{"start":{"line":1,"column":191},"end":{"line":1,"column":221}},"4":{"start":{"line":2,"column":17},"end":{"line":2,"column":38}},"5":{"start":{"line":2,"column":57},"end":{"line":2,"column":91}},"6":{"start":{"line":3,"column":22},"end":{"line":3,"column":49}},"7":{"start":{"line":4,"column":0},"end":{"line":4,"column":25}},"8":{"start":{"line":4,"column":63},"end":{"line":4,"column":117}},"9":{"start":{"line":6,"column":16},"end":{"line":19,"column":1}},"10":{"start":{"line":7,"column":2},"end":{"line":15,"column":170}},"11":{"start":{"line":21,"column":0},"end":{"line":22,"column":51}},"12":{"start":{"line":22,"column":51},"end":{"line":25,"column":8}}},"fnMap":{"0":{"name":"_interopRequireDefault","decl":{"start":{"line":4,"column":34},"end":{"line":4,"column":56}},"loc":{"start":{"line":4,"column":62},"end":{"line":4,"column":118}},"line":4},"1":{"name":"(anonymous_1)","decl":{"start":{"line":6,"column":16},"end":{"line":6,"column":17}},"loc":{"start":{"line":6,"column":33},"end":{"line":19,"column":1}},"line":6}},"branchMap":{"0":{"loc":{"start":{"line":4,"column":70},"end":{"line":4,"column":116}},"type":"cond-expr","locations":[{"start":{"line":4,"column":94},"end":{"line":4,"column":97}},{"start":{"line":4,"column":100},"end":{"line":4,"column":116}}],"line":4},"1":{"loc":{"start":{"line":4,"column":70},"end":{"line":4,"column":91}},"type":"binary-expr","locations":[{"start":{"line":4,"column":70},"end":{"line":4,"column":73}},{"start":{"line":4,"column":77},"end":{"line":4,"column":91}}],"line":4},"2":{"loc":{"start":{"line":9,"column":96},"end":{"line":9,"column":141}},"type":"binary-expr","locations":[{"start":{"line":9,"column":96},"end":{"line":9,"column":115}},{"start":{"line":9,"column":119},"end":{"line":9,"column":141}}],"line":9},"3":{"loc":{"start":{"line":13,"column":100},"end":{"line":13,"column":144}},"type":"binary-expr","locations":[{"start":{"line":13,"column":100},"end":{"line":13,"column":118}},{"start":{"line":13,"column":122},"end":{"line":13,"column":144}}],"line":13}},"s":{"0":0,"1":0,"2":0,"3":0,"4":0,"5":0,"6":0,"7":0,"8":0,"9":0,"10":0,"11":0,"12":0},"f":{"0":0,"1":0},"b":{"0":[0,0],"1":[0,0],"2":[0,0],"3":[0,0]}}
,"/Users/chengsong/my-app/src/helpers/request.js": {"path":"/Users/chengsong/my-app/src/helpers/request.js","statementMap":{"0":{"start":{"line":1,"column":13},"end":{"line":1,"column":75}},"1":{"start":{"line":1,"column":75},"end":{"line":21,"column":2}},"2":{"start":{"line":2,"column":14},"end":{"line":2,"column":84}},"3":{"start":{"line":3,"column":18},"end":{"line":5,"column":6}},"4":{"start":{"line":7,"column":2},"end":{"line":19,"column":3}},"5":{"start":{"line":8,"column":21},"end":{"line":8,"column":46}},"6":{"start":{"line":9,"column":4},"end":{"line":9,"column":25}},"7":{"start":{"line":9,"column":39},"end":{"line":9,"column":48}},"8":{"start":{"line":9,"column":58},"end":{"line":9,"column":69}},"9":{"start":{"line":11,"column":4},"end":{"line":15,"column":5}},"10":{"start":{"line":12,"column":6},"end":{"line":12,"column":18}}},"fnMap":{"0":{"name":"(anonymous_0)","decl":{"start":{"line":1,"column":93},"end":{"line":1,"column":94}},"loc":{"start":{"line":1,"column":120},"end":{"line":21,"column":1}},"line":1}},"branchMap":{"0":{"loc":{"start":{"line":11,"column":4},"end":{"line":15,"column":5}},"type":"if","locations":[{"start":{"line":11,"column":4},"end":{"line":15,"column":5}},{"start":{"line":11,"column":4},"end":{"line":15,"column":5}}],"line":11}},"s":{"0":0,"1":0,"2":0,"3":0,"4":0,"5":0,"6":0,"7":0,"8":0,"9":0,"10":0},"f":{"0":0},"b":{"0":[0,0]}}
,"/Users/chengsong/my-app/src/routes/detail/Index.jsx": {"path":"/Users/chengsong/my-app/src/routes/detail/Index.jsx","statementMap":{"0":{"start":{"line":1,"column":13},"end":{"line":1,"column":75}},"1":{"start":{"line":1,"column":94},"end":{"line":1,"column":147}},"2":{"start":{"line":1,"column":161},"end":{"line":1,"column":177}},"3":{"start":{"line":1,"column":192},"end":{"line":1,"column":222}},"4":{"start":{"line":2,"column":15},"end":{"line":2,"column":47}},"5":{"start":{"line":2,"column":64},"end":{"line":2,"column":96}},"6":{"start":{"line":3,"column":16},"end":{"line":3,"column":48}},"7":{"start":{"line":3,"column":66},"end":{"line":3,"column":99}},"8":{"start":{"line":4,"column":20},"end":{"line":4,"column":56}},"9":{"start":{"line":4,"column":78},"end":{"line":4,"column":115}},"10":{"start":{"line":5,"column":23},"end":{"line":5,"column":66}},"11":{"start":{"line":5,"column":91},"end":{"line":5,"column":131}},"12":{"start":{"line":6,"column":14},"end":{"line":6,"column":44}},"13":{"start":{"line":6,"column":60},"end":{"line":6,"column":91}},"14":{"start":{"line":7,"column":15},"end":{"line":7,"column":45}},"15":{"start":{"line":7,"column":62},"end":{"line":7,"column":94}},"16":{"start":{"line":8,"column":16},"end":{"line":8,"column":52}},"17":{"start":{"line":8,"column":70},"end":{"line":8,"column":103}},"18":{"start":{"line":9,"column":19},"end":{"line":9,"column":53}},"19":{"start":{"line":9,"column":74},"end":{"line":9,"column":110}},"20":{"start":{"line":10,"column":22},"end":{"line":10,"column":49}},"21":{"start":{"line":11,"column":0},"end":{"line":11,"column":23}},"22":{"start":{"line":11,"column":61},"end":{"line":11,"column":115}},"23":{"start":{"line":13,"column":71},"end":{"line":37,"column":13}},"24":{"start":{"line":24,"column":19},"end":{"line":24,"column":58}},"25":{"start":{"line":26,"column":6},"end":{"line":30,"column":7}},"26":{"start":{"line":27,"column":8},"end":{"line":28,"column":26}},"27":{"start":{"line":34,"column":6},"end":{"line":35,"column":44}},"28":{"start":{"line":37,"column":35},"end":{"line":37,"column":52}},"29":{"start":{"line":40,"column":13},"end":{"line":40,"column":30}},"30":{"start":{"line":42,"column":4},"end":{"line":80,"column":186}},"31":{"start":{"line":46,"column":119},"end":{"line":46,"column":141}},"32":{"start":{"line":86,"column":0},"end":{"line":86,"column":22}},"33":{"start":{"line":86,"column":22},"end":{"line":88,"column":7}}},"fnMap":{"0":{"name":"_interopRequireDefault","decl":{"start":{"line":11,"column":32},"end":{"line":11,"column":54}},"loc":{"start":{"line":11,"column":60},"end":{"line":11,"column":116}},"line":11},"1":{"name":"(anonymous_1)","decl":{"start":{"line":13,"column":39},"end":{"line":13,"column":40}},"loc":{"start":{"line":13,"column":60},"end":{"line":37,"column":14}},"line":13},"2":{"name":"(anonymous_2)","decl":{"start":{"line":23,"column":16},"end":{"line":23,"column":17}},"loc":{"start":{"line":23,"column":28},"end":{"line":31,"column":5}},"line":23},"3":{"name":"(anonymous_3)","decl":{"start":{"line":33,"column":18},"end":{"line":33,"column":19}},"loc":{"start":{"line":33,"column":24},"end":{"line":37,"column":5}},"line":33},"4":{"name":"(anonymous_4)","decl":{"start":{"line":37,"column":14},"end":{"line":37,"column":15}},"loc":{"start":{"line":37,"column":34},"end":{"line":37,"column":53}},"line":37},"5":{"name":"(anonymous_5)","decl":{"start":{"line":39,"column":2},"end":{"line":39,"column":3}},"loc":{"start":{"line":39,"column":11},"end":{"line":83,"column":3}},"line":39},"6":{"name":"(anonymous_6)","decl":{"start":{"line":46,"column":112},"end":{"line":46,"column":113}},"loc":{"start":{"line":46,"column":118},"end":{"line":46,"column":142}},"line":46}},"branchMap":{"0":{"loc":{"start":{"line":11,"column":68},"end":{"line":11,"column":114}},"type":"cond-expr","locations":[{"start":{"line":11,"column":92},"end":{"line":11,"column":95}},{"start":{"line":11,"column":98},"end":{"line":11,"column":114}}],"line":11},"1":{"loc":{"start":{"line":11,"column":68},"end":{"line":11,"column":89}},"type":"binary-expr","locations":[{"start":{"line":11,"column":68},"end":{"line":11,"column":71}},{"start":{"line":11,"column":75},"end":{"line":11,"column":89}}],"line":11},"2":{"loc":{"start":{"line":26,"column":6},"end":{"line":30,"column":7}},"type":"if","locations":[{"start":{"line":26,"column":6},"end":{"line":30,"column":7}},{"start":{"line":26,"column":6},"end":{"line":30,"column":7}}],"line":26},"3":{"loc":{"start":{"line":26,"column":10},"end":{"line":26,"column":29}},"type":"binary-expr","locations":[{"start":{"line":26,"column":10},"end":{"line":26,"column":14}},{"start":{"line":26,"column":18},"end":{"line":26,"column":29}}],"line":26},"4":{"loc":{"start":{"line":80,"column":8},"end":{"line":80,"column":183}},"type":"binary-expr","locations":[{"start":{"line":80,"column":8},"end":{"line":80,"column":28}},{"start":{"line":80,"column":32},"end":{"line":80,"column":183}}],"line":80}},"s":{"0":0,"1":0,"2":0,"3":0,"4":0,"5":0,"6":0,"7":0,"8":0,"9":0,"10":0,"11":0,"12":0,"13":0,"14":0,"15":0,"16":0,"17":0,"18":0,"19":0,"20":0,"21":0,"22":0,"23":0,"24":0,"25":0,"26":0,"27":0,"28":0,"29":0,"30":0,"31":0,"32":0,"33":0},"f":{"0":0,"1":0,"2":0,"3":0,"4":0,"5":0,"6":0},"b":{"0":[0,0],"1":[0,0],"2":[0,0],"3":[0,0],"4":[0,0]}}
,"/Users/chengsong/my-app/src/routes/detail/components/Artist.jsx": {"path":"/Users/chengsong/my-app/src/routes/detail/components/Artist.jsx","statementMap":{"0":{"start":{"line":1,"column":13},"end":{"line":1,"column":75}},"1":{"start":{"line":1,"column":94},"end":{"line":1,"column":159}},"2":{"start":{"line":1,"column":173},"end":{"line":1,"column":189}},"3":{"start":{"line":1,"column":204},"end":{"line":1,"column":234}},"4":{"start":{"line":2,"column":17},"end":{"line":2,"column":38}},"5":{"start":{"line":2,"column":57},"end":{"line":2,"column":91}},"6":{"start":{"line":3,"column":0},"end":{"line":3,"column":24}},"7":{"start":{"line":3,"column":62},"end":{"line":3,"column":116}},"8":{"start":{"line":11,"column":15},"end":{"line":31,"column":1}},"9":{"start":{"line":12,"column":2},"end":{"line":22,"column":174}},"10":{"start":{"line":17,"column":8},"end":{"line":22,"column":169}},"11":{"start":{"line":33,"column":0},"end":{"line":34,"column":47}},"12":{"start":{"line":34,"column":47},"end":{"line":37,"column":7}}},"fnMap":{"0":{"name":"_interopRequireDefault","decl":{"start":{"line":3,"column":33},"end":{"line":3,"column":55}},"loc":{"start":{"line":3,"column":61},"end":{"line":3,"column":117}},"line":3},"1":{"name":"(anonymous_1)","decl":{"start":{"line":11,"column":15},"end":{"line":11,"column":16}},"loc":{"start":{"line":11,"column":29},"end":{"line":31,"column":1}},"line":11},"2":{"name":"(anonymous_2)","decl":{"start":{"line":16,"column":17},"end":{"line":16,"column":18}},"loc":{"start":{"line":17,"column":8},"end":{"line":22,"column":169}},"line":17}},"branchMap":{"0":{"loc":{"start":{"line":3,"column":69},"end":{"line":3,"column":115}},"type":"cond-expr","locations":[{"start":{"line":3,"column":93},"end":{"line":3,"column":96}},{"start":{"line":3,"column":99},"end":{"line":3,"column":115}}],"line":3},"1":{"loc":{"start":{"line":3,"column":69},"end":{"line":3,"column":90}},"type":"binary-expr","locations":[{"start":{"line":3,"column":69},"end":{"line":3,"column":72}},{"start":{"line":3,"column":76},"end":{"line":3,"column":90}}],"line":3}},"s":{"0":0,"1":0,"2":0,"3":0,"4":0,"5":0,"6":0,"7":0,"8":0,"9":0,"10":0,"11":0,"12":0},"f":{"0":0,"1":0,"2":0},"b":{"0":[0,0],"1":[0,0]}}
,"/Users/chengsong/my-app/src/routes/detail/components/BaseInfo.jsx": {"path":"/Users/chengsong/my-app/src/routes/detail/components/BaseInfo.jsx","statementMap":{"0":{"start":{"line":1,"column":13},"end":{"line":1,"column":75}},"1":{"start":{"line":1,"column":94},"end":{"line":1,"column":161}},"2":{"start":{"line":1,"column":175},"end":{"line":1,"column":191}},"3":{"start":{"line":1,"column":206},"end":{"line":1,"column":236}},"4":{"start":{"line":2,"column":17},"end":{"line":2,"column":38}},"5":{"start":{"line":2,"column":57},"end":{"line":2,"column":91}},"6":{"start":{"line":3,"column":0},"end":{"line":3,"column":26}},"7":{"start":{"line":3,"column":64},"end":{"line":3,"column":118}},"8":{"start":{"line":6,"column":17},"end":{"line":19,"column":1}},"9":{"start":{"line":7,"column":2},"end":{"line":16,"column":237}},"10":{"start":{"line":21,"column":0},"end":{"line":22,"column":53}},"11":{"start":{"line":22,"column":53},"end":{"line":25,"column":9}}},"fnMap":{"0":{"name":"_interopRequireDefault","decl":{"start":{"line":3,"column":35},"end":{"line":3,"column":57}},"loc":{"start":{"line":3,"column":63},"end":{"line":3,"column":119}},"line":3},"1":{"name":"(anonymous_1)","decl":{"start":{"line":6,"column":17},"end":{"line":6,"column":18}},"loc":{"start":{"line":6,"column":38},"end":{"line":19,"column":1}},"line":6}},"branchMap":{"0":{"loc":{"start":{"line":3,"column":71},"end":{"line":3,"column":117}},"type":"cond-expr","locations":[{"start":{"line":3,"column":95},"end":{"line":3,"column":98}},{"start":{"line":3,"column":101},"end":{"line":3,"column":117}}],"line":3},"1":{"loc":{"start":{"line":3,"column":71},"end":{"line":3,"column":92}},"type":"binary-expr","locations":[{"start":{"line":3,"column":71},"end":{"line":3,"column":74}},{"start":{"line":3,"column":78},"end":{"line":3,"column":92}}],"line":3}},"s":{"0":0,"1":0,"2":0,"3":0,"4":0,"5":0,"6":0,"7":0,"8":0,"9":0,"10":0,"11":0},"f":{"0":0,"1":0},"b":{"0":[0,0],"1":[0,0]}}
,"/Users/chengsong/my-app/src/routes/detail/components/CommentList.jsx": {"path":"/Users/chengsong/my-app/src/routes/detail/components/CommentList.jsx","statementMap":{"0":{"start":{"line":1,"column":13},"end":{"line":1,"column":75}},"1":{"start":{"line":1,"column":94},"end":{"line":1,"column":164}},"2":{"start":{"line":1,"column":178},"end":{"line":1,"column":194}},"3":{"start":{"line":1,"column":209},"end":{"line":1,"column":239}},"4":{"start":{"line":2,"column":17},"end":{"line":2,"column":38}},"5":{"start":{"line":2,"column":57},"end":{"line":2,"column":91}},"6":{"start":{"line":3,"column":12},"end":{"line":3,"column":47}},"7":{"start":{"line":3,"column":61},"end":{"line":3,"column":90}},"8":{"start":{"line":4,"column":23},"end":{"line":4,"column":69}},"9":{"start":{"line":4,"column":94},"end":{"line":4,"column":134}},"10":{"start":{"line":5,"column":0},"end":{"line":5,"column":29}},"11":{"start":{"line":5,"column":67},"end":{"line":5,"column":121}},"12":{"start":{"line":7,"column":20},"end":{"line":34,"column":1}},"13":{"start":{"line":8,"column":2},"end":{"line":25,"column":190}},"14":{"start":{"line":12,"column":6},"end":{"line":25,"column":186}},"15":{"start":{"line":25,"column":66},"end":{"line":25,"column":88}},"16":{"start":{"line":36,"column":0},"end":{"line":38,"column":52}},"17":{"start":{"line":38,"column":52},"end":{"line":41,"column":12}}},"fnMap":{"0":{"name":"_interopRequireDefault","decl":{"start":{"line":5,"column":38},"end":{"line":5,"column":60}},"loc":{"start":{"line":5,"column":66},"end":{"line":5,"column":122}},"line":5},"1":{"name":"(anonymous_1)","decl":{"start":{"line":7,"column":20},"end":{"line":7,"column":21}},"loc":{"start":{"line":7,"column":46},"end":{"line":34,"column":1}},"line":7},"2":{"name":"(anonymous_2)","decl":{"start":{"line":11,"column":15},"end":{"line":11,"column":16}},"loc":{"start":{"line":12,"column":6},"end":{"line":25,"column":186}},"line":12},"3":{"name":"(anonymous_3)","decl":{"start":{"line":25,"column":60},"end":{"line":25,"column":61}},"loc":{"start":{"line":25,"column":66},"end":{"line":25,"column":88}},"line":25}},"branchMap":{"0":{"loc":{"start":{"line":5,"column":74},"end":{"line":5,"column":120}},"type":"cond-expr","locations":[{"start":{"line":5,"column":98},"end":{"line":5,"column":101}},{"start":{"line":5,"column":104},"end":{"line":5,"column":120}}],"line":5},"1":{"loc":{"start":{"line":5,"column":74},"end":{"line":5,"column":95}},"type":"binary-expr","locations":[{"start":{"line":5,"column":74},"end":{"line":5,"column":77}},{"start":{"line":5,"column":81},"end":{"line":5,"column":95}}],"line":5},"2":{"loc":{"start":{"line":24,"column":82},"end":{"line":24,"column":125}},"type":"binary-expr","locations":[{"start":{"line":24,"column":82},"end":{"line":24,"column":95}},{"start":{"line":24,"column":99},"end":{"line":24,"column":125}}],"line":24}},"s":{"0":0,"1":0,"2":0,"3":0,"4":0,"5":0,"6":0,"7":0,"8":0,"9":0,"10":0,"11":0,"12":0,"13":0,"14":0,"15":0,"16":0,"17":0},"f":{"0":0,"1":0,"2":0,"3":0},"b":{"0":[0,0],"1":[0,0],"2":[0,0]}}
,"/Users/chengsong/my-app/src/routes/detail/components/ScoreDistribute.jsx": {"path":"/Users/chengsong/my-app/src/routes/detail/components/ScoreDistribute.jsx","statementMap":{"0":{"start":{"line":1,"column":13},"end":{"line":1,"column":75}},"1":{"start":{"line":1,"column":94},"end":{"line":1,"column":168}},"2":{"start":{"line":1,"column":182},"end":{"line":1,"column":198}},"3":{"start":{"line":1,"column":213},"end":{"line":1,"column":243}},"4":{"start":{"line":2,"column":17},"end":{"line":2,"column":38}},"5":{"start":{"line":2,"column":57},"end":{"line":2,"column":91}},"6":{"start":{"line":3,"column":12},"end":{"line":3,"column":47}},"7":{"start":{"line":3,"column":61},"end":{"line":3,"column":90}},"8":{"start":{"line":4,"column":0},"end":{"line":4,"column":33}},"9":{"start":{"line":4,"column":71},"end":{"line":4,"column":125}},"10":{"start":{"line":6,"column":24},"end":{"line":49,"column":1}},"11":{"start":{"line":7,"column":2},"end":{"line":42,"column":189}},"12":{"start":{"line":51,"column":0},"end":{"line":51,"column":31}},"13":{"start":{"line":51,"column":31},"end":{"line":55,"column":16}}},"fnMap":{"0":{"name":"_interopRequireDefault","decl":{"start":{"line":4,"column":42},"end":{"line":4,"column":64}},"loc":{"start":{"line":4,"column":70},"end":{"line":4,"column":126}},"line":4},"1":{"name":"(anonymous_1)","decl":{"start":{"line":6,"column":24},"end":{"line":6,"column":25}},"loc":{"start":{"line":6,"column":33},"end":{"line":49,"column":1}},"line":6}},"branchMap":{"0":{"loc":{"start":{"line":4,"column":78},"end":{"line":4,"column":124}},"type":"cond-expr","locations":[{"start":{"line":4,"column":102},"end":{"line":4,"column":105}},{"start":{"line":4,"column":108},"end":{"line":4,"column":124}}],"line":4},"1":{"loc":{"start":{"line":4,"column":78},"end":{"line":4,"column":99}},"type":"binary-expr","locations":[{"start":{"line":4,"column":78},"end":{"line":4,"column":81}},{"start":{"line":4,"column":85},"end":{"line":4,"column":99}}],"line":4}},"s":{"0":0,"1":0,"2":0,"3":0,"4":0,"5":0,"6":0,"7":0,"8":0,"9":0,"10":0,"11":0,"12":0,"13":0},"f":{"0":0,"1":0},"b":{"0":[0,0],"1":[0,0]}}
,"/Users/chengsong/my-app/src/routes/detail/components/ScoreSummary.jsx": {"path":"/Users/chengsong/my-app/src/routes/detail/components/ScoreSummary.jsx","statementMap":{"0":{"start":{"line":1,"column":13},"end":{"line":1,"column":75}},"1":{"start":{"line":1,"column":94},"end":{"line":1,"column":165}},"2":{"start":{"line":1,"column":179},"end":{"line":1,"column":195}},"3":{"start":{"line":1,"column":210},"end":{"line":1,"column":240}},"4":{"start":{"line":2,"column":12},"end":{"line":2,"column":47}},"5":{"start":{"line":2,"column":61},"end":{"line":2,"column":90}},"6":{"start":{"line":3,"column":0},"end":{"line":3,"column":30}},"7":{"start":{"line":3,"column":68},"end":{"line":3,"column":122}},"8":{"start":{"line":5,"column":21},"end":{"line":28,"column":1}},"9":{"start":{"line":6,"column":2},"end":{"line":24,"column":312}},"10":{"start":{"line":28,"column":2},"end":{"line":30,"column":13}}},"fnMap":{"0":{"name":"_interopRequireDefault","decl":{"start":{"line":3,"column":39},"end":{"line":3,"column":61}},"loc":{"start":{"line":3,"column":67},"end":{"line":3,"column":123}},"line":3},"1":{"name":"(anonymous_1)","decl":{"start":{"line":5,"column":21},"end":{"line":5,"column":22}},"loc":{"start":{"line":5,"column":27},"end":{"line":28,"column":1}},"line":5}},"branchMap":{"0":{"loc":{"start":{"line":3,"column":75},"end":{"line":3,"column":121}},"type":"cond-expr","locations":[{"start":{"line":3,"column":99},"end":{"line":3,"column":102}},{"start":{"line":3,"column":105},"end":{"line":3,"column":121}}],"line":3},"1":{"loc":{"start":{"line":3,"column":75},"end":{"line":3,"column":96}},"type":"binary-expr","locations":[{"start":{"line":3,"column":75},"end":{"line":3,"column":78}},{"start":{"line":3,"column":82},"end":{"line":3,"column":96}}],"line":3}},"s":{"0":0,"1":0,"2":0,"3":0,"4":0,"5":0,"6":0,"7":0,"8":0,"9":0,"10":0},"f":{"0":0,"1":0},"b":{"0":[0,0],"1":[0,0]}}
,"/Users/chengsong/my-app/src/routes/detail/components/TagList.jsx": {"path":"/Users/chengsong/my-app/src/routes/detail/components/TagList.jsx","statementMap":{"0":{"start":{"line":1,"column":13},"end":{"line":1,"column":75}},"1":{"start":{"line":1,"column":94},"end":{"line":1,"column":160}},"2":{"start":{"line":1,"column":174},"end":{"line":1,"column":190}},"3":{"start":{"line":1,"column":205},"end":{"line":1,"column":235}},"4":{"start":{"line":2,"column":17},"end":{"line":2,"column":38}},"5":{"start":{"line":2,"column":57},"end":{"line":2,"column":91}},"6":{"start":{"line":3,"column":0},"end":{"line":3,"column":25}},"7":{"start":{"line":3,"column":63},"end":{"line":3,"column":117}},"8":{"start":{"line":5,"column":16},"end":{"line":27,"column":1}},"9":{"start":{"line":6,"column":21},"end":{"line":10,"column":3}},"10":{"start":{"line":7,"column":4},"end":{"line":9,"column":5}},"11":{"start":{"line":8,"column":6},"end":{"line":8,"column":21}},"12":{"start":{"line":12,"column":2},"end":{"line":21,"column":37}},"13":{"start":{"line":16,"column":6},"end":{"line":21,"column":33}},"14":{"start":{"line":19,"column":25},"end":{"line":19,"column":45}},"15":{"start":{"line":29,"column":0},"end":{"line":32,"column":49}},"16":{"start":{"line":32,"column":49},"end":{"line":35,"column":8}}},"fnMap":{"0":{"name":"_interopRequireDefault","decl":{"start":{"line":3,"column":34},"end":{"line":3,"column":56}},"loc":{"start":{"line":3,"column":62},"end":{"line":3,"column":118}},"line":3},"1":{"name":"(anonymous_1)","decl":{"start":{"line":5,"column":16},"end":{"line":5,"column":17}},"loc":{"start":{"line":5,"column":48},"end":{"line":27,"column":1}},"line":5},"2":{"name":"(anonymous_2)","decl":{"start":{"line":6,"column":21},"end":{"line":6,"column":22}},"loc":{"start":{"line":6,"column":30},"end":{"line":10,"column":3}},"line":6},"3":{"name":"(anonymous_3)","decl":{"start":{"line":15,"column":15},"end":{"line":15,"column":16}},"loc":{"start":{"line":16,"column":6},"end":{"line":21,"column":33}},"line":16},"4":{"name":"(anonymous_4)","decl":{"start":{"line":19,"column":19},"end":{"line":19,"column":20}},"loc":{"start":{"line":19,"column":25},"end":{"line":19,"column":45}},"line":19}},"branchMap":{"0":{"loc":{"start":{"line":3,"column":70},"end":{"line":3,"column":116}},"type":"cond-expr","locations":[{"start":{"line":3,"column":94},"end":{"line":3,"column":97}},{"start":{"line":3,"column":100},"end":{"line":3,"column":116}}],"line":3},"1":{"loc":{"start":{"line":3,"column":70},"end":{"line":3,"column":91}},"type":"binary-expr","locations":[{"start":{"line":3,"column":70},"end":{"line":3,"column":73}},{"start":{"line":3,"column":77},"end":{"line":3,"column":91}}],"line":3},"2":{"loc":{"start":{"line":7,"column":4},"end":{"line":9,"column":5}},"type":"if","locations":[{"start":{"line":7,"column":4},"end":{"line":9,"column":5}},{"start":{"line":7,"column":4},"end":{"line":9,"column":5}}],"line":7},"3":{"loc":{"start":{"line":18,"column":38},"end":{"line":18,"column":85}},"type":"binary-expr","locations":[{"start":{"line":18,"column":38},"end":{"line":18,"column":58}},{"start":{"line":18,"column":62},"end":{"line":18,"column":85}}],"line":18}},"s":{"0":0,"1":0,"2":0,"3":0,"4":0,"5":0,"6":0,"7":0,"8":0,"9":0,"10":0,"11":0,"12":0,"13":0,"14":0,"15":0,"16":0},"f":{"0":0,"1":0,"2":0,"3":0,"4":0},"b":{"0":[0,0],"1":[0,0],"2":[0,0],"3":[0,0]}}
,"/Users/chengsong/my-app/src/routes/detail/container/Comment.jsx": {"path":"/Users/chengsong/my-app/src/routes/detail/container/Comment.jsx","statementMap":{"0":{"start":{"line":1,"column":13},"end":{"line":1,"column":75}},"1":{"start":{"line":1,"column":94},"end":{"line":1,"column":159}},"2":{"start":{"line":1,"column":173},"end":{"line":1,"column":189}},"3":{"start":{"line":1,"column":204},"end":{"line":1,"column":234}},"4":{"start":{"line":2,"column":17},"end":{"line":2,"column":38}},"5":{"start":{"line":2,"column":57},"end":{"line":2,"column":91}},"6":{"start":{"line":3,"column":15},"end":{"line":3,"column":50}},"7":{"start":{"line":3,"column":67},"end":{"line":3,"column":99}},"8":{"start":{"line":4,"column":23},"end":{"line":4,"column":63}},"9":{"start":{"line":4,"column":88},"end":{"line":4,"column":128}},"10":{"start":{"line":5,"column":15},"end":{"line":5,"column":47}},"11":{"start":{"line":5,"column":64},"end":{"line":5,"column":96}},"12":{"start":{"line":6,"column":19},"end":{"line":6,"column":55}},"13":{"start":{"line":6,"column":76},"end":{"line":6,"column":112}},"14":{"start":{"line":6,"column":151},"end":{"line":6,"column":205}},"15":{"start":{"line":8,"column":72},"end":{"line":51,"column":13}},"16":{"start":{"line":22,"column":6},"end":{"line":22,"column":46}},"17":{"start":{"line":22,"column":60},"end":{"line":22,"column":69}},"18":{"start":{"line":22,"column":77},"end":{"line":22,"column":86}},"19":{"start":{"line":24,"column":6},"end":{"line":27,"column":48}},"20":{"start":{"line":32,"column":6},"end":{"line":33,"column":26}},"21":{"start":{"line":38,"column":6},"end":{"line":49,"column":15}},"22":{"start":{"line":38,"column":34},"end":{"line":49,"column":12}},"23":{"start":{"line":40,"column":10},"end":{"line":46,"column":11}},"24":{"start":{"line":41,"column":12},"end":{"line":44,"column":68}},"25":{"start":{"line":48,"column":10},"end":{"line":48,"column":44}},"26":{"start":{"line":51,"column":35},"end":{"line":51,"column":50}},"27":{"start":{"line":54,"column":4},"end":{"line":54,"column":14}},"28":{"start":{"line":54,"column":28},"end":{"line":54,"column":39}},"29":{"start":{"line":54,"column":51},"end":{"line":54,"column":66}},"30":{"start":{"line":54,"column":77},"end":{"line":54,"column":91}},"31":{"start":{"line":55,"column":27},"end":{"line":55,"column":78}},"32":{"start":{"line":55,"column":54},"end":{"line":55,"column":77}},"33":{"start":{"line":57,"column":4},"end":{"line":64,"column":188}},"34":{"start":{"line":71,"column":0},"end":{"line":71,"column":23}},"35":{"start":{"line":71,"column":23},"end":{"line":73,"column":8}}},"fnMap":{"0":{"name":"_interopRequireDefault","decl":{"start":{"line":6,"column":122},"end":{"line":6,"column":144}},"loc":{"start":{"line":6,"column":150},"end":{"line":6,"column":206}},"line":6},"1":{"name":"(anonymous_1)","decl":{"start":{"line":8,"column":40},"end":{"line":8,"column":41}},"loc":{"start":{"line":8,"column":61},"end":{"line":51,"column":14}},"line":8},"2":{"name":"(anonymous_2)","decl":{"start":{"line":21,"column":14},"end":{"line":21,"column":15}},"loc":{"start":{"line":21,"column":26},"end":{"line":29,"column":5}},"line":21},"3":{"name":"(anonymous_3)","decl":{"start":{"line":31,"column":16},"end":{"line":31,"column":17}},"loc":{"start":{"line":31,"column":25},"end":{"line":35,"column":5}},"line":31},"4":{"name":"(anonymous_4)","decl":{"start":{"line":37,"column":16},"end":{"line":37,"column":17}},"loc":{"start":{"line":37,"column":22},"end":{"line":51,"column":5}},"line":37},"5":{"name":"(anonymous_5)","decl":{"start":{"line":38,"column":20},"end":{"line":38,"column":21}},"loc":{"start":{"line":38,"column":34},"end":{"line":49,"column":12}},"line":38},"6":{"name":"(anonymous_6)","decl":{"start":{"line":39,"column":41},"end":{"line":39,"column":42}},"loc":{"start":{"line":39,"column":52},"end":{"line":49,"column":9}},"line":39},"7":{"name":"(anonymous_7)","decl":{"start":{"line":51,"column":14},"end":{"line":51,"column":15}},"loc":{"start":{"line":51,"column":34},"end":{"line":51,"column":51}},"line":51},"8":{"name":"(anonymous_8)","decl":{"start":{"line":53,"column":2},"end":{"line":53,"column":3}},"loc":{"start":{"line":53,"column":11},"end":{"line":68,"column":3}},"line":53},"9":{"name":"(anonymous_9)","decl":{"start":{"line":55,"column":43},"end":{"line":55,"column":44}},"loc":{"start":{"line":55,"column":54},"end":{"line":55,"column":77}},"line":55}},"branchMap":{"0":{"loc":{"start":{"line":6,"column":158},"end":{"line":6,"column":204}},"type":"cond-expr","locations":[{"start":{"line":6,"column":182},"end":{"line":6,"column":185}},{"start":{"line":6,"column":188},"end":{"line":6,"column":204}}],"line":6},"1":{"loc":{"start":{"line":6,"column":158},"end":{"line":6,"column":179}},"type":"binary-expr","locations":[{"start":{"line":6,"column":158},"end":{"line":6,"column":161}},{"start":{"line":6,"column":165},"end":{"line":6,"column":179}}],"line":6},"2":{"loc":{"start":{"line":27,"column":17},"end":{"line":27,"column":44}},"type":"cond-expr","locations":[{"start":{"line":27,"column":27},"end":{"line":27,"column":39}},{"start":{"line":27,"column":42},"end":{"line":27,"column":44}}],"line":27},"3":{"loc":{"start":{"line":40,"column":10},"end":{"line":46,"column":11}},"type":"if","locations":[{"start":{"line":40,"column":10},"end":{"line":46,"column":11}},{"start":{"line":40,"column":10},"end":{"line":46,"column":11}}],"line":40},"4":{"loc":{"start":{"line":44,"column":19},"end":{"line":44,"column":64}},"type":"cond-expr","locations":[{"start":{"line":44,"column":35},"end":{"line":44,"column":48}},{"start":{"line":44,"column":51},"end":{"line":44,"column":64}}],"line":44}},"s":{"0":0,"1":0,"2":0,"3":0,"4":0,"5":0,"6":0,"7":0,"8":0,"9":0,"10":0,"11":0,"12":0,"13":0,"14":0,"15":0,"16":0,"17":0,"18":0,"19":0,"20":0,"21":0,"22":0,"23":0,"24":0,"25":0,"26":0,"27":0,"28":0,"29":0,"30":0,"31":0,"32":0,"33":0,"34":0,"35":0},"f":{"0":0,"1":0,"2":0,"3":0,"4":0,"5":0,"6":0,"7":0,"8":0,"9":0},"b":{"0":[0,0],"1":[0,0],"2":[0,0],"3":[0,0],"4":[0,0]}}
,"/Users/chengsong/my-app/src/routes/detail/container/ImageSlider.jsx": {"path":"/Users/chengsong/my-app/src/routes/detail/container/ImageSlider.jsx","statementMap":{"0":{"start":{"line":1,"column":13},"end":{"line":1,"column":75}},"1":{"start":{"line":1,"column":94},"end":{"line":1,"column":163}},"2":{"start":{"line":1,"column":177},"end":{"line":1,"column":193}},"3":{"start":{"line":1,"column":208},"end":{"line":1,"column":238}},"4":{"start":{"line":2,"column":17},"end":{"line":2,"column":38}},"5":{"start":{"line":2,"column":57},"end":{"line":2,"column":91}},"6":{"start":{"line":3,"column":18},"end":{"line":3,"column":40}},"7":{"start":{"line":3,"column":60},"end":{"line":3,"column":95}},"8":{"start":{"line":4,"column":0},"end":{"line":4,"column":28}},"9":{"start":{"line":4,"column":66},"end":{"line":4,"column":120}},"10":{"start":{"line":6,"column":76},"end":{"line":15,"column":13}},"11":{"start":{"line":12,"column":6},"end":{"line":13,"column":28}},"12":{"start":{"line":18,"column":20},"end":{"line":20,"column":37}},"13":{"start":{"line":23,"column":4},"end":{"line":45,"column":199}},"14":{"start":{"line":53,"column":0},"end":{"line":54,"column":49}},"15":{"start":{"line":54,"column":49},"end":{"line":57,"column":12}}},"fnMap":{"0":{"name":"_interopRequireDefault","decl":{"start":{"line":4,"column":37},"end":{"line":4,"column":59}},"loc":{"start":{"line":4,"column":65},"end":{"line":4,"column":121}},"line":4},"1":{"name":"(anonymous_1)","decl":{"start":{"line":6,"column":44},"end":{"line":6,"column":45}},"loc":{"start":{"line":6,"column":65},"end":{"line":15,"column":14}},"line":6},"2":{"name":"(anonymous_2)","decl":{"start":{"line":11,"column":18},"end":{"line":11,"column":19}},"loc":{"start":{"line":11,"column":27},"end":{"line":15,"column":5}},"line":11},"3":{"name":"(anonymous_3)","decl":{"start":{"line":17,"column":2},"end":{"line":17,"column":3}},"loc":{"start":{"line":17,"column":11},"end":{"line":50,"column":3}},"line":17}},"branchMap":{"0":{"loc":{"start":{"line":4,"column":73},"end":{"line":4,"column":119}},"type":"cond-expr","locations":[{"start":{"line":4,"column":97},"end":{"line":4,"column":100}},{"start":{"line":4,"column":103},"end":{"line":4,"column":119}}],"line":4},"1":{"loc":{"start":{"line":4,"column":73},"end":{"line":4,"column":94}},"type":"binary-expr","locations":[{"start":{"line":4,"column":73},"end":{"line":4,"column":76}},{"start":{"line":4,"column":80},"end":{"line":4,"column":94}}],"line":4}},"s":{"0":0,"1":0,"2":0,"3":0,"4":0,"5":0,"6":0,"7":0,"8":0,"9":0,"10":0,"11":0,"12":0,"13":0,"14":0,"15":0},"f":{"0":0,"1":0,"2":0,"3":0},"b":{"0":[0,0],"1":[0,0]}}
,"/Users/chengsong/my-app/src/routes/home/Index.jsx": {"path":"/Users/chengsong/my-app/src/routes/home/Index.jsx","statementMap":{"0":{"start":{"line":1,"column":13},"end":{"line":1,"column":75}},"1":{"start":{"line":1,"column":94},"end":{"line":1,"column":145}},"2":{"start":{"line":1,"column":159},"end":{"line":1,"column":175}},"3":{"start":{"line":1,"column":190},"end":{"line":1,"column":220}},"4":{"start":{"line":2,"column":22},"end":{"line":2,"column":49}},"5":{"start":{"line":3,"column":20},"end":{"line":3,"column":60}},"6":{"start":{"line":3,"column":82},"end":{"line":3,"column":119}},"7":{"start":{"line":4,"column":15},"end":{"line":4,"column":50}},"8":{"start":{"line":4,"column":67},"end":{"line":4,"column":99}},"9":{"start":{"line":5,"column":14},"end":{"line":5,"column":44}},"10":{"start":{"line":5,"column":60},"end":{"line":5,"column":91}},"11":{"start":{"line":6,"column":13},"end":{"line":6,"column":42}},"12":{"start":{"line":6,"column":57},"end":{"line":6,"column":87}},"13":{"start":{"line":7,"column":17},"end":{"line":7,"column":50}},"14":{"start":{"line":7,"column":69},"end":{"line":7,"column":103}},"15":{"start":{"line":8,"column":17},"end":{"line":8,"column":50}},"16":{"start":{"line":8,"column":69},"end":{"line":8,"column":103}},"17":{"start":{"line":9,"column":15},"end":{"line":9,"column":47}},"18":{"start":{"line":9,"column":64},"end":{"line":9,"column":96}},"19":{"start":{"line":10,"column":0},"end":{"line":10,"column":23}},"20":{"start":{"line":10,"column":61},"end":{"line":10,"column":115}},"21":{"start":{"line":12,"column":69},"end":{"line":59,"column":13}},"22":{"start":{"line":21,"column":6},"end":{"line":22,"column":34}},"23":{"start":{"line":27,"column":6},"end":{"line":28,"column":35}},"24":{"start":{"line":33,"column":6},"end":{"line":34,"column":16}},"25":{"start":{"line":36,"column":6},"end":{"line":36,"column":27}},"26":{"start":{"line":45,"column":19},"end":{"line":45,"column":57}},"27":{"start":{"line":46,"column":13},"end":{"line":46,"column":22}},"28":{"start":{"line":46,"column":32},"end":{"line":46,"column":43}},"29":{"start":{"line":46,"column":52},"end":{"line":46,"column":62}},"30":{"start":{"line":48,"column":6},"end":{"line":51,"column":17}},"31":{"start":{"line":56,"column":19},"end":{"line":56,"column":56}},"32":{"start":{"line":59,"column":36},"end":{"line":59,"column":51}},"33":{"start":{"line":62,"column":4},"end":{"line":62,"column":14}},"34":{"start":{"line":62,"column":28},"end":{"line":62,"column":39}},"35":{"start":{"line":62,"column":49},"end":{"line":62,"column":62}},"36":{"start":{"line":62,"column":71},"end":{"line":62,"column":83}},"37":{"start":{"line":62,"column":103},"end":{"line":62,"column":126}},"38":{"start":{"line":64,"column":4},"end":{"line":76,"column":338}},"39":{"start":{"line":73,"column":28},"end":{"line":73,"column":427}},"40":{"start":{"line":82,"column":0},"end":{"line":82,"column":20}},"41":{"start":{"line":82,"column":20},"end":{"line":84,"column":5}}},"fnMap":{"0":{"name":"_interopRequireDefault","decl":{"start":{"line":10,"column":32},"end":{"line":10,"column":54}},"loc":{"start":{"line":10,"column":60},"end":{"line":10,"column":116}},"line":10},"1":{"name":"(anonymous_1)","decl":{"start":{"line":12,"column":37},"end":{"line":12,"column":38}},"loc":{"start":{"line":12,"column":58},"end":{"line":59,"column":14}},"line":12},"2":{"name":"(anonymous_2)","decl":{"start":{"line":20,"column":20},"end":{"line":20,"column":21}},"loc":{"start":{"line":20,"column":26},"end":{"line":24,"column":5}},"line":20},"3":{"name":"(anonymous_3)","decl":{"start":{"line":26,"column":20},"end":{"line":26,"column":21}},"loc":{"start":{"line":26,"column":26},"end":{"line":30,"column":5}},"line":26},"4":{"name":"(anonymous_4)","decl":{"start":{"line":32,"column":19},"end":{"line":32,"column":20}},"loc":{"start":{"line":32,"column":27},"end":{"line":37,"column":5}},"line":32},"5":{"name":"(anonymous_5)","decl":{"start":{"line":44,"column":14},"end":{"line":44,"column":15}},"loc":{"start":{"line":44,"column":26},"end":{"line":53,"column":5}},"line":44},"6":{"name":"(anonymous_6)","decl":{"start":{"line":55,"column":14},"end":{"line":55,"column":15}},"loc":{"start":{"line":55,"column":26},"end":{"line":59,"column":5}},"line":55},"7":{"name":"(anonymous_7)","decl":{"start":{"line":59,"column":14},"end":{"line":59,"column":15}},"loc":{"start":{"line":59,"column":35},"end":{"line":60,"column":3}},"line":59},"8":{"name":"(anonymous_8)","decl":{"start":{"line":61,"column":2},"end":{"line":61,"column":3}},"loc":{"start":{"line":61,"column":11},"end":{"line":79,"column":3}},"line":61},"9":{"name":"(anonymous_9)","decl":{"start":{"line":73,"column":20},"end":{"line":73,"column":21}},"loc":{"start":{"line":73,"column":28},"end":{"line":73,"column":427}},"line":73}},"branchMap":{"0":{"loc":{"start":{"line":10,"column":68},"end":{"line":10,"column":114}},"type":"cond-expr","locations":[{"start":{"line":10,"column":92},"end":{"line":10,"column":95}},{"start":{"line":10,"column":98},"end":{"line":10,"column":114}}],"line":10},"1":{"loc":{"start":{"line":10,"column":68},"end":{"line":10,"column":89}},"type":"binary-expr","locations":[{"start":{"line":10,"column":68},"end":{"line":10,"column":71}},{"start":{"line":10,"column":75},"end":{"line":10,"column":89}}],"line":10},"2":{"loc":{"start":{"line":76,"column":8},"end":{"line":76,"column":335}},"type":"binary-expr","locations":[{"start":{"line":76,"column":8},"end":{"line":76,"column":24}},{"start":{"line":76,"column":28},"end":{"line":76,"column":335}}],"line":76}},"s":{"0":0,"1":0,"2":0,"3":0,"4":0,"5":0,"6":0,"7":0,"8":0,"9":0,"10":0,"11":0,"12":0,"13":0,"14":0,"15":0,"16":0,"17":0,"18":0,"19":0,"20":0,"21":0,"22":0,"23":0,"24":0,"25":0,"26":0,"27":0,"28":0,"29":0,"30":0,"31":0,"32":0,"33":0,"34":0,"35":0,"36":0,"37":0,"38":0,"39":0,"40":0,"41":0},"f":{"0":0,"1":0,"2":0,"3":0,"4":0,"5":0,"6":0,"7":0,"8":0,"9":0},"b":{"0":[0,0],"1":[0,0],"2":[0,0]}}
,"/Users/chengsong/my-app/src/routes/home/components/CityLayer.jsx": {"path":"/Users/chengsong/my-app/src/routes/home/components/CityLayer.jsx","statementMap":{"0":{"start":{"line":1,"column":13},"end":{"line":1,"column":75}},"1":{"start":{"line":1,"column":94},"end":{"line":1,"column":160}},"2":{"start":{"line":1,"column":174},"end":{"line":1,"column":190}},"3":{"start":{"line":1,"column":205},"end":{"line":1,"column":235}},"4":{"start":{"line":2,"column":17},"end":{"line":2,"column":38}},"5":{"start":{"line":2,"column":57},"end":{"line":2,"column":91}},"6":{"start":{"line":3,"column":15},"end":{"line":3,"column":50}},"7":{"start":{"line":3,"column":67},"end":{"line":3,"column":99}},"8":{"start":{"line":4,"column":0},"end":{"line":4,"column":27}},"9":{"start":{"line":4,"column":65},"end":{"line":4,"column":119}},"10":{"start":{"line":6,"column":74},"end":{"line":26,"column":13}},"11":{"start":{"line":18,"column":19},"end":{"line":18,"column":56}},"12":{"start":{"line":19,"column":12},"end":{"line":19,"column":20}},"13":{"start":{"line":19,"column":27},"end":{"line":19,"column":35}},"14":{"start":{"line":21,"column":6},"end":{"line":23,"column":15}},"15":{"start":{"line":26,"column":36},"end":{"line":26,"column":51}},"16":{"start":{"line":29,"column":4},"end":{"line":29,"column":14}},"17":{"start":{"line":29,"column":31},"end":{"line":29,"column":45}},"18":{"start":{"line":29,"column":57},"end":{"line":29,"column":72}},"19":{"start":{"line":30,"column":4},"end":{"line":30,"column":14}},"20":{"start":{"line":30,"column":27},"end":{"line":30,"column":37}},"21":{"start":{"line":30,"column":44},"end":{"line":30,"column":54}},"22":{"start":{"line":31,"column":25},"end":{"line":31,"column":41}},"23":{"start":{"line":33,"column":4},"end":{"line":69,"column":339}},"24":{"start":{"line":43,"column":98},"end":{"line":43,"column":112}},"25":{"start":{"line":49,"column":30},"end":{"line":49,"column":247}},"26":{"start":{"line":49,"column":134},"end":{"line":49,"column":159}},"27":{"start":{"line":53,"column":26},"end":{"line":53,"column":39}},"28":{"start":{"line":55,"column":12},"end":{"line":59,"column":256}},"29":{"start":{"line":59,"column":36},"end":{"line":59,"column":251}},"30":{"start":{"line":59,"column":138},"end":{"line":59,"column":163}},"31":{"start":{"line":69,"column":41},"end":{"line":69,"column":333}},"32":{"start":{"line":77,"column":0},"end":{"line":79,"column":50}},"33":{"start":{"line":79,"column":50},"end":{"line":82,"column":10}}},"fnMap":{"0":{"name":"_interopRequireDefault","decl":{"start":{"line":4,"column":36},"end":{"line":4,"column":58}},"loc":{"start":{"line":4,"column":64},"end":{"line":4,"column":120}},"line":4},"1":{"name":"(anonymous_1)","decl":{"start":{"line":6,"column":42},"end":{"line":6,"column":43}},"loc":{"start":{"line":6,"column":63},"end":{"line":26,"column":14}},"line":6},"2":{"name":"(anonymous_2)","decl":{"start":{"line":17,"column":14},"end":{"line":17,"column":15}},"loc":{"start":{"line":17,"column":26},"end":{"line":26,"column":5}},"line":17},"3":{"name":"(anonymous_3)","decl":{"start":{"line":26,"column":14},"end":{"line":26,"column":15}},"loc":{"start":{"line":26,"column":35},"end":{"line":26,"column":52}},"line":26},"4":{"name":"(anonymous_4)","decl":{"start":{"line":28,"column":2},"end":{"line":28,"column":3}},"loc":{"start":{"line":28,"column":11},"end":{"line":74,"column":3}},"line":28},"5":{"name":"(anonymous_5)","decl":{"start":{"line":43,"column":92},"end":{"line":43,"column":93}},"loc":{"start":{"line":43,"column":98},"end":{"line":43,"column":112}},"line":43},"6":{"name":"(anonymous_6)","decl":{"start":{"line":49,"column":22},"end":{"line":49,"column":23}},"loc":{"start":{"line":49,"column":30},"end":{"line":49,"column":247}},"line":49},"7":{"name":"(anonymous_7)","decl":{"start":{"line":49,"column":128},"end":{"line":49,"column":129}},"loc":{"start":{"line":49,"column":134},"end":{"line":49,"column":159}},"line":49},"8":{"name":"(anonymous_8)","decl":{"start":{"line":52,"column":27},"end":{"line":52,"column":28}},"loc":{"start":{"line":52,"column":39},"end":{"line":63,"column":11}},"line":52},"9":{"name":"(anonymous_9)","decl":{"start":{"line":59,"column":28},"end":{"line":59,"column":29}},"loc":{"start":{"line":59,"column":36},"end":{"line":59,"column":251}},"line":59},"10":{"name":"(anonymous_10)","decl":{"start":{"line":59,"column":132},"end":{"line":59,"column":133}},"loc":{"start":{"line":59,"column":138},"end":{"line":59,"column":163}},"line":59},"11":{"name":"(anonymous_11)","decl":{"start":{"line":69,"column":29},"end":{"line":69,"column":30}},"loc":{"start":{"line":69,"column":41},"end":{"line":69,"column":333}},"line":69}},"branchMap":{"0":{"loc":{"start":{"line":4,"column":72},"end":{"line":4,"column":118}},"type":"cond-expr","locations":[{"start":{"line":4,"column":96},"end":{"line":4,"column":99}},{"start":{"line":4,"column":102},"end":{"line":4,"column":118}}],"line":4},"1":{"loc":{"start":{"line":4,"column":72},"end":{"line":4,"column":93}},"type":"binary-expr","locations":[{"start":{"line":4,"column":72},"end":{"line":4,"column":75}},{"start":{"line":4,"column":79},"end":{"line":4,"column":93}}],"line":4}},"s":{"0":0,"1":0,"2":0,"3":0,"4":0,"5":0,"6":0,"7":0,"8":0,"9":0,"10":0,"11":0,"12":0,"13":0,"14":0,"15":0,"16":0,"17":0,"18":0,"19":0,"20":0,"21":0,"22":0,"23":0,"24":0,"25":0,"26":0,"27":0,"28":0,"29":0,"30":0,"31":0,"32":0,"33":0},"f":{"0":0,"1":0,"2":0,"3":0,"4":0,"5":0,"6":0,"7":0,"8":0,"9":0,"10":0,"11":0},"b":{"0":[0,0],"1":[0,0]}}
,"/Users/chengsong/my-app/src/routes/home/components/MovieItem.jsx": {"path":"/Users/chengsong/my-app/src/routes/home/components/MovieItem.jsx","statementMap":{"0":{"start":{"line":1,"column":13},"end":{"line":1,"column":75}},"1":{"start":{"line":1,"column":94},"end":{"line":1,"column":160}},"2":{"start":{"line":1,"column":174},"end":{"line":1,"column":190}},"3":{"start":{"line":1,"column":205},"end":{"line":1,"column":235}},"4":{"start":{"line":2,"column":17},"end":{"line":2,"column":38}},"5":{"start":{"line":2,"column":57},"end":{"line":2,"column":91}},"6":{"start":{"line":3,"column":0},"end":{"line":3,"column":27}},"7":{"start":{"line":3,"column":65},"end":{"line":3,"column":119}},"8":{"start":{"line":5,"column":18},"end":{"line":33,"column":1}},"9":{"start":{"line":6,"column":2},"end":{"line":29,"column":164}},"10":{"start":{"line":19,"column":12},"end":{"line":21,"column":13}},"11":{"start":{"line":20,"column":14},"end":{"line":20,"column":181}},"12":{"start":{"line":22,"column":12},"end":{"line":22,"column":178}},"13":{"start":{"line":35,"column":0},"end":{"line":36,"column":48}},"14":{"start":{"line":36,"column":48},"end":{"line":39,"column":10}}},"fnMap":{"0":{"name":"_interopRequireDefault","decl":{"start":{"line":3,"column":36},"end":{"line":3,"column":58}},"loc":{"start":{"line":3,"column":64},"end":{"line":3,"column":120}},"line":3},"1":{"name":"(anonymous_1)","decl":{"start":{"line":5,"column":18},"end":{"line":5,"column":19}},"loc":{"start":{"line":5,"column":32},"end":{"line":33,"column":1}},"line":5},"2":{"name":"(anonymous_2)","decl":{"start":{"line":18,"column":24},"end":{"line":18,"column":25}},"loc":{"start":{"line":18,"column":36},"end":{"line":23,"column":11}},"line":18}},"branchMap":{"0":{"loc":{"start":{"line":3,"column":72},"end":{"line":3,"column":118}},"type":"cond-expr","locations":[{"start":{"line":3,"column":96},"end":{"line":3,"column":99}},{"start":{"line":3,"column":102},"end":{"line":3,"column":118}}],"line":3},"1":{"loc":{"start":{"line":3,"column":72},"end":{"line":3,"column":93}},"type":"binary-expr","locations":[{"start":{"line":3,"column":72},"end":{"line":3,"column":75}},{"start":{"line":3,"column":79},"end":{"line":3,"column":93}}],"line":3},"2":{"loc":{"start":{"line":15,"column":8},"end":{"line":15,"column":200}},"type":"binary-expr","locations":[{"start":{"line":15,"column":8},"end":{"line":15,"column":18}},{"start":{"line":15,"column":22},"end":{"line":15,"column":200}}],"line":15},"3":{"loc":{"start":{"line":19,"column":12},"end":{"line":21,"column":13}},"type":"if","locations":[{"start":{"line":19,"column":12},"end":{"line":21,"column":13}},{"start":{"line":19,"column":12},"end":{"line":21,"column":13}}],"line":19}},"s":{"0":0,"1":0,"2":0,"3":0,"4":0,"5":0,"6":0,"7":0,"8":0,"9":0,"10":0,"11":0,"12":0,"13":0,"14":0},"f":{"0":0,"1":0,"2":0},"b":{"0":[0,0],"1":[0,0],"2":[0,0],"3":[0,0]}}
,"/Users/chengsong/my-app/src/routes/home/components/Slide.jsx": {"path":"/Users/chengsong/my-app/src/routes/home/components/Slide.jsx","statementMap":{"0":{"start":{"line":1,"column":13},"end":{"line":1,"column":75}},"1":{"start":{"line":1,"column":94},"end":{"line":1,"column":156}},"2":{"start":{"line":1,"column":170},"end":{"line":1,"column":186}},"3":{"start":{"line":1,"column":201},"end":{"line":1,"column":231}},"4":{"start":{"line":2,"column":17},"end":{"line":2,"column":38}},"5":{"start":{"line":2,"column":57},"end":{"line":2,"column":91}},"6":{"start":{"line":3,"column":18},"end":{"line":3,"column":40}},"7":{"start":{"line":3,"column":60},"end":{"line":3,"column":95}},"8":{"start":{"line":4,"column":0},"end":{"line":4,"column":23}},"9":{"start":{"line":4,"column":61},"end":{"line":4,"column":115}},"10":{"start":{"line":6,"column":20},"end":{"line":25,"column":1}},"11":{"start":{"line":7,"column":19},"end":{"line":11,"column":36}},"12":{"start":{"line":14,"column":2},"end":{"line":19,"column":185}},"13":{"start":{"line":18,"column":6},"end":{"line":19,"column":181}},"14":{"start":{"line":27,"column":0},"end":{"line":28,"column":47}},"15":{"start":{"line":28,"column":47},"end":{"line":31,"column":12}}},"fnMap":{"0":{"name":"_interopRequireDefault","decl":{"start":{"line":4,"column":32},"end":{"line":4,"column":54}},"loc":{"start":{"line":4,"column":60},"end":{"line":4,"column":116}},"line":4},"1":{"name":"(anonymous_1)","decl":{"start":{"line":6,"column":20},"end":{"line":6,"column":21}},"loc":{"start":{"line":6,"column":34},"end":{"line":25,"column":1}},"line":6},"2":{"name":"(anonymous_2)","decl":{"start":{"line":17,"column":15},"end":{"line":17,"column":16}},"loc":{"start":{"line":18,"column":6},"end":{"line":19,"column":181}},"line":18}},"branchMap":{"0":{"loc":{"start":{"line":4,"column":68},"end":{"line":4,"column":114}},"type":"cond-expr","locations":[{"start":{"line":4,"column":92},"end":{"line":4,"column":95}},{"start":{"line":4,"column":98},"end":{"line":4,"column":114}}],"line":4},"1":{"loc":{"start":{"line":4,"column":68},"end":{"line":4,"column":89}},"type":"binary-expr","locations":[{"start":{"line":4,"column":68},"end":{"line":4,"column":71}},{"start":{"line":4,"column":75},"end":{"line":4,"column":89}}],"line":4}},"s":{"0":0,"1":0,"2":0,"3":0,"4":0,"5":0,"6":0,"7":0,"8":0,"9":0,"10":0,"11":0,"12":0,"13":0,"14":0,"15":0},"f":{"0":0,"1":0,"2":0},"b":{"0":[0,0],"1":[0,0]}}
,"/Users/chengsong/my-app/src/routes/home/components/TopBar.jsx": {"path":"/Users/chengsong/my-app/src/routes/home/components/TopBar.jsx","statementMap":{"0":{"start":{"line":1,"column":13},"end":{"line":1,"column":75}},"1":{"start":{"line":1,"column":94},"end":{"line":1,"column":157}},"2":{"start":{"line":1,"column":171},"end":{"line":1,"column":187}},"3":{"start":{"line":1,"column":202},"end":{"line":1,"column":232}},"4":{"start":{"line":2,"column":17},"end":{"line":2,"column":38}},"5":{"start":{"line":2,"column":57},"end":{"line":2,"column":91}},"6":{"start":{"line":3,"column":0},"end":{"line":3,"column":24}},"7":{"start":{"line":3,"column":62},"end":{"line":3,"column":116}},"8":{"start":{"line":11,"column":15},"end":{"line":19,"column":1}},"9":{"start":{"line":12,"column":2},"end":{"line":16,"column":149}},"10":{"start":{"line":21,"column":0},"end":{"line":23,"column":55}},"11":{"start":{"line":23,"column":55},"end":{"line":26,"column":7}}},"fnMap":{"0":{"name":"_interopRequireDefault","decl":{"start":{"line":3,"column":33},"end":{"line":3,"column":55}},"loc":{"start":{"line":3,"column":61},"end":{"line":3,"column":117}},"line":3},"1":{"name":"(anonymous_1)","decl":{"start":{"line":11,"column":15},"end":{"line":11,"column":16}},"loc":{"start":{"line":11,"column":44},"end":{"line":19,"column":1}},"line":11}},"branchMap":{"0":{"loc":{"start":{"line":3,"column":69},"end":{"line":3,"column":115}},"type":"cond-expr","locations":[{"start":{"line":3,"column":93},"end":{"line":3,"column":96}},{"start":{"line":3,"column":99},"end":{"line":3,"column":115}}],"line":3},"1":{"loc":{"start":{"line":3,"column":69},"end":{"line":3,"column":90}},"type":"binary-expr","locations":[{"start":{"line":3,"column":69},"end":{"line":3,"column":72}},{"start":{"line":3,"column":76},"end":{"line":3,"column":90}}],"line":3}},"s":{"0":0,"1":0,"2":0,"3":0,"4":0,"5":0,"6":0,"7":0,"8":0,"9":0,"10":0,"11":0},"f":{"0":0,"1":0},"b":{"0":[0,0],"1":[0,0]}}
,"/Users/chengsong/my-app/src/routes/seat/Index.jsx": {"path":"/Users/chengsong/my-app/src/routes/seat/Index.jsx","statementMap":{"0":{"start":{"line":1,"column":13},"end":{"line":1,"column":75}},"1":{"start":{"line":1,"column":94},"end":{"line":1,"column":145}},"2":{"start":{"line":1,"column":159},"end":{"line":1,"column":175}},"3":{"start":{"line":1,"column":190},"end":{"line":1,"column":220}},"4":{"start":{"line":2,"column":18},"end":{"line":2,"column":40}},"5":{"start":{"line":3,"column":13},"end":{"line":3,"column":29}},"6":{"start":{"line":4,"column":16},"end":{"line":4,"column":37}},"7":{"start":{"line":4,"column":55},"end":{"line":4,"column":88}},"8":{"start":{"line":5,"column":17},"end":{"line":5,"column":50}},"9":{"start":{"line":5,"column":69},"end":{"line":5,"column":103}},"10":{"start":{"line":6,"column":20},"end":{"line":6,"column":56}},"11":{"start":{"line":6,"column":78},"end":{"line":6,"column":115}},"12":{"start":{"line":7,"column":20},"end":{"line":7,"column":55}},"13":{"start":{"line":7,"column":77},"end":{"line":7,"column":114}},"14":{"start":{"line":8,"column":0},"end":{"line":8,"column":23}},"15":{"start":{"line":8,"column":61},"end":{"line":8,"column":115}},"16":{"start":{"line":10,"column":12},"end":{"line":10,"column":55}},"17":{"start":{"line":32,"column":4},"end":{"line":48,"column":139}},"18":{"start":{"line":36,"column":122},"end":{"line":36,"column":144}},"19":{"start":{"line":55,"column":0},"end":{"line":55,"column":20}},"20":{"start":{"line":55,"column":20},"end":{"line":57,"column":5}}},"fnMap":{"0":{"name":"_interopRequireDefault","decl":{"start":{"line":8,"column":32},"end":{"line":8,"column":54}},"loc":{"start":{"line":8,"column":60},"end":{"line":8,"column":116}},"line":8},"1":{"name":"(anonymous_1)","decl":{"start":{"line":29,"column":2},"end":{"line":29,"column":3}},"loc":{"start":{"line":29,"column":11},"end":{"line":52,"column":3}},"line":29},"2":{"name":"(anonymous_2)","decl":{"start":{"line":36,"column":115},"end":{"line":36,"column":116}},"loc":{"start":{"line":36,"column":121},"end":{"line":36,"column":145}},"line":36}},"branchMap":{"0":{"loc":{"start":{"line":8,"column":68},"end":{"line":8,"column":114}},"type":"cond-expr","locations":[{"start":{"line":8,"column":92},"end":{"line":8,"column":95}},{"start":{"line":8,"column":98},"end":{"line":8,"column":114}}],"line":8},"1":{"loc":{"start":{"line":8,"column":68},"end":{"line":8,"column":89}},"type":"binary-expr","locations":[{"start":{"line":8,"column":68},"end":{"line":8,"column":71}},{"start":{"line":8,"column":75},"end":{"line":8,"column":89}}],"line":8}},"s":{"0":0,"1":0,"2":0,"3":0,"4":0,"5":0,"6":0,"7":0,"8":0,"9":0,"10":0,"11":0,"12":0,"13":0,"14":0,"15":0,"16":0,"17":0,"18":0,"19":0,"20":0},"f":{"0":0,"1":0,"2":0},"b":{"0":[0,0],"1":[0,0]}}
,"/Users/chengsong/my-app/src/routes/seat/actions/index.js": {"path":"/Users/chengsong/my-app/src/routes/seat/actions/index.js","statementMap":{"0":{"start":{"line":1,"column":13},"end":{"line":1,"column":75}},"1":{"start":{"line":1,"column":91},"end":{"line":6,"column":1}},"2":{"start":{"line":2,"column":2},"end":{"line":4,"column":11}},"3":{"start":{"line":8,"column":19},"end":{"line":13,"column":1}},"4":{"start":{"line":9,"column":2},"end":{"line":11,"column":9}}},"fnMap":{"0":{"name":"(anonymous_0)","decl":{"start":{"line":1,"column":109},"end":{"line":1,"column":110}},"loc":{"start":{"line":1,"column":117},"end":{"line":6,"column":1}},"line":1},"1":{"name":"(anonymous_1)","decl":{"start":{"line":8,"column":40},"end":{"line":8,"column":41}},"loc":{"start":{"line":8,"column":46},"end":{"line":13,"column":1}},"line":8}},"branchMap":{},"s":{"0":0,"1":0,"2":0,"3":0,"4":0},"f":{"0":0,"1":0},"b":{}}
[...]
ngsong/my-app/src/routes/seat/components/SeatSelected.jsx","statementMap":{"0":{"start":{"line":1,"column":13},"end":{"line":1,"column":75}},"1":{"start":{"line":1,"column":94},"end":{"line":1,"column":163}},"2":{"start":{"line":1,"column":177},"end":{"line":1,"column":193}},"3":{"start":{"line":1,"column":208},"end":{"line":1,"column":238}},"4":{"start":{"line":2,"column":17},"end":{"line":2,"column":38}},"5":{"start":{"line":2,"column":57},"end":{"line":2,"column":91}},"6":{"start":{"line":3,"column":18},"end":{"line":3,"column":40}},"7":{"start":{"line":4,"column":15},"end":{"line":4,"column":36}},"8":{"start":{"line":5,"column":0},"end":{"line":5,"column":30}},"9":{"start":{"line":5,"column":68},"end":{"line":5,"column":122}},"10":{"start":{"line":7,"column":21},"end":{"line":29,"column":1}},"11":{"start":{"line":8,"column":2},"end":{"line":10,"column":3}},"12":{"start":{"line":9,"column":4},"end":{"line":9,"column":16}},"13":{"start":{"line":11,"column":2},"end":{"line":26,"column":207}},"14":{"start":{"line":16,"column":8},"end":{"line":21,"column":191}},"15":{"start":{"line":21,"column":97},"end":{"line":21,"column":114}},"16":{"start":{"line":31,"column":0},"end":{"line":33,"column":50}},"17":{"start":{"line":36,"column":24},"end":{"line":40,"column":1}},"18":{"start":{"line":37,"column":2},"end":{"line":38,"column":18}},"19":{"start":{"line":42,"column":27},"end":{"line":48,"column":1}},"20":{"start":{"line":43,"column":2},"end":{"line":46,"column":8}},"21":{"start":{"line":45,"column":6},"end":{"line":45,"column":45}},"22":{"start":{"line":48,"column":2},"end":{"line":50,"column":76}}},"fnMap":{"0":{"name":"_interopRequireDefault","decl":{"start":{"line":5,"column":39},"end":{"line":5,"column":61}},"loc":{"start":{"line":5,"column":67},"end":{"line":5,"column":123}},"line":5},"1":{"name":"(anonymous_1)","decl":{"start":{"line":7,"column":21},"end":{"line":7,"column":22}},"loc":{"start":{"line":7,"column":45},"end":{"line":29,"column":1}},"line":7},"2":{"name":"(anonymous_2)","decl":{"start":{"line":15,"column":17},"end":{"line":15,"column":18}},"loc":{"start":{"line":16,"column":8},"end":{"line":21,"column":191}},"line":16},"3":{"name":"(anonymous_3)","decl":{"start":{"line":21,"column":91},"end":{"line":21,"column":92}},"loc":{"start":{"line":21,"column":97},"end":{"line":21,"column":114}},"line":21},"4":{"name":"(anonymous_4)","decl":{"start":{"line":36,"column":24},"end":{"line":36,"column":25}},"loc":{"start":{"line":36,"column":33},"end":{"line":40,"column":1}},"line":36},"5":{"name":"(anonymous_5)","decl":{"start":{"line":42,"column":27},"end":{"line":42,"column":28}},"loc":{"start":{"line":42,"column":39},"end":{"line":48,"column":1}},"line":42},"6":{"name":"(anonymous_6)","decl":{"start":{"line":44,"column":14},"end":{"line":44,"column":15}},"loc":{"start":{"line":44,"column":20},"end":{"line":46,"column":5}},"line":44}},"branchMap":{"0":{"loc":{"start":{"line":5,"column":75},"end":{"line":5,"column":121}},"type":"cond-expr","locations":[{"start":{"line":5,"column":99},"end":{"line":5,"column":102}},{"start":{"line":5,"column":105},"end":{"line":5,"column":121}}],"line":5},"1":{"loc":{"start":{"line":5,"column":75},"end":{"line":5,"column":96}},"type":"binary-expr","locations":[{"start":{"line":5,"column":75},"end":{"line":5,"column":78}},{"start":{"line":5,"column":82},"end":{"line":5,"column":96}}],"line":5},"2":{"loc":{"start":{"line":8,"column":2},"end":{"line":10,"column":3}},"type":"if","locations":[{"start":{"line":8,"column":2},"end":{"line":10,"column":3}},{"start":{"line":8,"column":2},"end":{"line":10,"column":3}}],"line":8}},"s":{"0":0,"1":0,"2":0,"3":0,"4":0,"5":0,"6":0,"7":0,"8":0,"9":0,"10":0,"11":0,"12":0,"13":0,"14":0,"15":0,"16":0,"17":0,"18":0,"19":0,"20":0,"21":0,"22":0},"f":{"0":0,"1":0,"2":0,"3":0,"4":0,"5":0,"6":0},"b":{"0":[0,0],"1":[0,0],"2":[0,0]}}
,"/Users/chengsong/my-app/src/routes/seat/container/SeatSelector.jsx": {"path":"/Users/chengsong/my-app/src/routes/seat/container/SeatSelector.jsx","statementMap":{"0":{"start":{"line":1,"column":13},"end":{"line":1,"column":75}},"1":{"start":{"line":1,"column":94},"end":{"line":1,"column":162}},"2":{"start":{"line":1,"column":176},"end":{"line":1,"column":192}},"3":{"start":{"line":1,"column":207},"end":{"line":1,"column":237}},"4":{"start":{"line":2,"column":17},"end":{"line":2,"column":38}},"5":{"start":{"line":2,"column":57},"end":{"line":2,"column":91}},"6":{"start":{"line":3,"column":18},"end":{"line":3,"column":40}},"7":{"start":{"line":4,"column":15},"end":{"line":4,"column":36}},"8":{"start":{"line":5,"column":12},"end":{"line":5,"column":35}},"9":{"start":{"line":5,"column":74},"end":{"line":5,"column":128}},"10":{"start":{"line":7,"column":19},"end":{"line":7,"column":21}},"11":{"start":{"line":8,"column":20},"end":{"line":8,"column":22}},"12":{"start":{"line":9,"column":14},"end":{"line":9,"column":37}},"13":{"start":{"line":10,"column":24},"end":{"line":10,"column":42}},"14":{"start":{"line":11,"column":25},"end":{"line":11,"column":44}},"15":{"start":{"line":12,"column":17},"end":{"line":12,"column":50}},"16":{"start":{"line":13,"column":21},"end":{"line":13,"column":51}},"17":{"start":{"line":14,"column":22},"end":{"line":14,"column":53}},"18":{"start":{"line":15,"column":26},"end":{"line":15,"column":46}},"19":{"start":{"line":16,"column":27},"end":{"line":16,"column":48}},"20":{"start":{"line":28,"column":77},"end":{"line":125,"column":13}},"21":{"start":{"line":69,"column":23},"end":{"line":69,"column":33}},"22":{"start":{"line":71,"column":6},"end":{"line":82,"column":7}},"23":{"start":{"line":72,"column":8},"end":{"line":72,"column":19}},"24":{"start":{"line":72,"column":35},"end":{"line":72,"column":53}},"25":{"start":{"line":72,"column":61},"end":{"line":72,"column":77}},"26":{"start":{"line":72,"column":85},"end":{"line":72,"column":101}},"27":{"start":{"line":73,"column":27},"end":{"line":73,"column":55}},"28":{"start":{"line":74,"column":26},"end":{"line":74,"column":55}},"29":{"start":{"line":75,"column":8},"end":{"line":81,"column":9}},"30":{"start":{"line":77,"column":10},"end":{"line":77,"column":103}},"31":{"start":{"line":80,"column":10},"end":{"line":80,"column":104}},"32":{"start":{"line":86,"column":19},"end":{"line":86,"column":40}},"33":{"start":{"line":88,"column":6},"end":{"line":95,"column":7}},"34":{"start":{"line":89,"column":8},"end":{"line":89,"column":21}},"35":{"start":{"line":89,"column":35},"end":{"line":89,"column":53}},"36":{"start":{"line":89,"column":61},"end":{"line":89,"column":79}},"37":{"start":{"line":89,"column":91},"end":{"line":89,"column":113}},"38":{"start":{"line":89,"column":125},"end":{"line":89,"column":147}},"39":{"start":{"line":90,"column":27},"end":{"line":90,"column":55}},"40":{"start":{"line":91,"column":26},"end":{"line":91,"column":55}},"41":{"start":{"line":92,"column":8},"end":{"line":92,"column":103}},"42":{"start":{"line":93,"column":8},"end":{"line":93,"column":112}},"43":{"start":{"line":94,"column":8},"end":{"line":94,"column":114}},"44":{"start":{"line":99,"column":21},"end":{"line":99,"column":61}},"45":{"start":{"line":100,"column":21},"end":{"line":100,"column":42}},"46":{"start":{"line":101,"column":21},"end":{"line":101,"column":41}},"47":{"start":{"line":102,"column":19},"end":{"line":102,"column":49}},"48":{"start":{"line":103,"column":19},"end":{"line":103,"column":50}},"49":{"start":{"line":105,"column":19},"end":{"line":105,"column":84}},"50":{"start":{"line":105,"column":43},"end":{"line":105,"column":83}},"51":{"start":{"line":108,"column":6},"end":{"line":110,"column":7}},"52":{"start":{"line":109,"column":8},"end":{"line":109,"column":15}},"53":{"start":{"line":112,"column":24},"end":{"line":112,"column":84}},"54":{"start":{"line":112,"column":64},"end":{"line":112,"column":83}},"55":{"start":{"line":114,"column":6},"end":{"line":124,"column":7}},"56":{"start":{"line":116,"column":8},"end":{"line":116,"column":37}},"57":{"start":{"line":118,"column":8},"end":{"line":123,"column":9}},"58":{"start":{"line":120,"column":10},"end":{"line":120,"column":28}},"59":{"start":{"line":122,"column":10},"end":{"line":122,"column":33}},"60":{"start":{"line":126,"column":4},"end":{"line":126,"column":49}},"61":{"start":{"line":126,"column":49},"end":{"line":126,"column":89}},"62":{"start":{"line":126,"column":89},"end":{"line":126,"column":117}},"63":{"start":{"line":126,"column":117},"end":{"line":126,"column":147}},"64":{"start":{"line":127,"column":23},"end":{"line":127,"column":34}},"65":{"start":{"line":127,"column":55},"end":{"line":127,"column":66}},"66":{"start":{"line":127,"column":85},"end":{"line":127,"column":96}},"67":{"start":{"line":127,"column":109},"end":{"line":127,"column":110}},"68":{"start":{"line":127,"column":132},"end":{"line":127,"column":273}},"69":{"start":{"line":127,"column":139},"end":{"line":127,"column":147}},"70":{"start":{"line":127,"column":147},"end":{"line":127,"column":272}},"71":{"start":{"line":127,"column":165},"end":{"line":127,"column":194}},"72":{"start":{"line":127,"column":194},"end":{"line":127,"column":225}},"73":{"start":{"line":127,"column":225},"end":{"line":127,"column":252}},"74":{"start":{"line":127,"column":252},"end":{"line":127,"column":271}},"75":{"start":{"line":127,"column":274},"end":{"line":127,"column":307}},"76":{"start":{"line":127,"column":307},"end":{"line":127,"column":341}},"77":{"start":{"line":127,"column":341},"end":{"line":127,"column":373}},"78":{"start":{"line":127,"column":373},"end":{"line":127,"column":416}},"79":{"start":{"line":127,"column":416},"end":{"line":127,"column":463}},"80":{"start":{"line":127,"column":463},"end":{"line":127,"column":504}},"81":{"start":{"line":127,"column":547},"end":{"line":127,"column":611}},"82":{"start":{"line":127,"column":611},"end":{"line":127,"column":630}},"83":{"start":{"line":128,"column":4},"end":{"line":128,"column":26}},"84":{"start":{"line":129,"column":13},"end":{"line":129,"column":282}},"85":{"start":{"line":134,"column":0},"end":{"line":137,"column":47}},"86":{"start":{"line":140,"column":24},"end":{"line":144,"column":1}},"87":{"start":{"line":141,"column":2},"end":{"line":142,"column":24}},"88":{"start":{"line":146,"column":27},"end":{"line":155,"column":1}},"89":{"start":{"line":147,"column":2},"end":{"line":153,"column":8}},"90":{"start":{"line":149,"column":6},"end":{"line":149,"column":44}},"91":{"start":{"line":152,"column":6},"end":{"line":152,"column":45}},"92":{"start":{"line":155,"column":2},"end":{"line":157,"column":76}}},"fnMap":{"0":{"name":"_interopRequireDefault","decl":{"start":{"line":5,"column":45},"end":{"line":5,"column":67}},"loc":{"start":{"line":5,"column":73},"end":{"line":5,"column":129}},"line":5},"1":{"name":"(anonymous_1)","decl":{"start":{"line":28,"column":45},"end":{"line":28,"column":46}},"loc":{"start":{"line":28,"column":66},"end":{"line":125,"column":14}},"line":28},"2":{"name":"(anonymous_2)","decl":{"start":{"line":68,"column":18},"end":{"line":68,"column":19}},"loc":{"start":{"line":68,"column":24},"end":{"line":83,"column":5}},"line":68},"3":{"name":"(anonymous_3)","decl":{"start":{"line":85,"column":21},"end":{"line":85,"column":22}},"loc":{"start":{"line":85,"column":27},"end":{"line":96,"column":5}},"line":85},"4":{"name":"(anonymous_4)","decl":{"start":{"line":98,"column":16},"end":{"line":98,"column":17}},"loc":{"start":{"line":98,"column":21},"end":{"line":125,"column":5}},"line":98},"5":{"name":"(anonymous_5)","decl":{"start":{"line":105,"column":35},"end":{"line":105,"column":36}},"loc":{"start":{"line":105,"column":43},"end":{"line":105,"column":83}},"line":105},"6":{"name":"(anonymous_6)","decl":{"start":{"line":112,"column":56},"end":{"line":112,"column":57}},"loc":{"start":{"line":112,"column":64},"end":{"line":112,"column":83}},"line":112},"7":{"name":"(anonymous_7)","decl":{"start":{"line":125,"column":14},"end":{"line":125,"column":15}},"loc":{"start":{"line":125,"column":34},"end":{"line":127,"column":505}},"line":125},"8":{"name":"(anonymous_8)","decl":{"start":{"line":127,"column":132},"end":{"line":127,"column":133}},"loc":{"start":{"line":127,"column":138},"end":{"line":127,"column":273}},"line":127},"9":{"name":"(anonymous_9)","decl":{"start":{"line":127,"column":505},"end":{"line":127,"column":506}},"loc":{"start":{"line":127,"column":546},"end":{"line":129,"column":3}},"line":127},"10":{"name":"(anonymous_10)","decl":{"start":{"line":129,"column":3},"end":{"line":129,"column":4}},"loc":{"start":{"line":129,"column":12},"end":{"line":131,"column":3}},"line":129},"11":{"name":"(anonymous_11)","decl":{"start":{"line":140,"column":24},"end":{"line":140,"column":25}},"loc":{"start":{"line":140,"column":33},"end":{"line":144,"column":1}},"line":140},"12":{"name":"(anonymous_12)","decl":{"start":{"line":146,"column":27},"end":{"line":146,"column":28}},"loc":{"start":{"line":146,"column":39},"end":{"line":155,"column":1}},"line":146},"13":{"name":"(anonymous_13)","decl":{"start":{"line":148,"column":11},"end":{"line":148,"column":12}},"loc":{"start":{"line":148,"column":19},"end":{"line":150,"column":5}},"line":148},"14":{"name":"(anonymous_14)","decl":{"start":{"line":151,"column":14},"end":{"line":151,"column":15}},"loc":{"start":{"line":151,"column":20},"end":{"line":153,"column":5}},"line":151}},"branchMap":{"0":{"loc":{"start":{"line":5,"column":81},"end":{"line":5,"column":127}},"type":"cond-expr","locations":[{"start":{"line":5,"column":105},"end":{"line":5,"column":108}},{"start":{"line":5,"column":111},"end":{"line":5,"column":127}}],"line":5},"1":{"loc":{"start":{"line":5,"column":81},"end":{"line":5,"column":102}},"type":"binary-expr","locations":[{"start":{"line":5,"column":81},"end":{"line":5,"column":84}},{"start":{"line":5,"column":88},"end":{"line":5,"column":102}}],"line":5},"2":{"loc":{"start":{"line":75,"column":8},"end":{"line":81,"column":9}},"type":"if","locations":[{"start":{"line":75,"column":8},"end":{"line":81,"column":9}},{"start":{"line":75,"column":8},"end":{"line":81,"column":9}}],"line":75},"3":{"loc":{"start":{"line":105,"column":43},"end":{"line":105,"column":83}},"type":"binary-expr","locations":[{"start":{"line":105,"column":43},"end":{"line":105,"column":61}},{"start":{"line":105,"column":65},"end":{"line":105,"column":83}}],"line":105},"4":{"loc":{"start":{"line":108,"column":6},"end":{"line":110,"column":7}},"type":"if","locations":[{"start":{"line":108,"column":6},"end":{"line":110,"column":7}},{"start":{"line":108,"column":6},"end":{"line":110,"column":7}}],"line":108},"5":{"loc":{"start":{"line":108,"column":10},"end":{"line":108,"column":30}},"type":"binary-expr","locations":[{"start":{"line":108,"column":10},"end":{"line":108,"column":15}},{"start":{"line":108,"column":19},"end":{"line":108,"column":30}}],"line":108},"6":{"loc":{"start":{"line":114,"column":6},"end":{"line":124,"column":7}},"type":"if","locations":[{"start":{"line":114,"column":6},"end":{"line":124,"column":7}},{"start":{"line":114,"column":6},"end":{"line":124,"column":7}}],"line":114},"7":{"loc":{"start":{"line":118,"column":8},"end":{"line":123,"column":9}},"type":"if","locations":[{"start":{"line":118,"column":8},"end":{"line":123,"column":9}},{"start":{"line":118,"column":8},"end":{"line":123,"column":9}}],"line":118},"8":{"loc":{"start":{"line":127,"column":147},"end":{"line":127,"column":272}},"type":"if","locations":[{"start":{"line":127,"column":147},"end":{"line":127,"column":272}},{"start":{"line":127,"column":147},"end":{"line":127,"column":272}}],"line":127}},"s":{"0":0,"1":0,"2":0,"3":0,"4":0,"5":0,"6":0,"7":0,"8":0,"9":0,"10":0,"11":0,"12":0,"13":0,"14":0,"15":0,"16":0,"17":0,"18":0,"19":0,"20":0,"21":0,"22":0,"23":0,"24":0,"25":0,"26":0,"27":0,"28":0,"29":0,"30":0,"31":0,"32":0,"33":0,"34":0,"35":0,"36":0,"37":0,"38":0,"39":0,"40":0,"41":0,"42":0,"43":0,"44":0,"45":0,"46":0,"47":0,"48":0,"49":0,"50":0,"51":0,"52":0,"53":0,"54":0,"55":0,"56":0,"57":0,"58":0,"59":0,"60":0,"61":0,"62":0,"63":0,"64":0,"65":0,"66":0,"67":0,"68":0,"69":0,"70":0,"71":0,"72":0,"73":0,"74":0,"75":0,"76":0,"77":0,"78":0,"79":0,"80":0,"81":0,"82":0,"83":0,"84":0,"85":0,"86":0,"87":0,"88":0,"89":0,"90":0,"91":0,"92":0},"f":{"0":0,"1":0,"2":0,"3":0,"4":0,"5":0,"6":0,"7":0,"8":0,"9":0,"10":0,"11":0,"12":0,"13":0,"14":0},"b":{"0":[0,0],"1":[0,0],"2":[0,0],"3":[0,0],"4":[0,0],"5":[0,0],"6":[0,0],"7":[0,0],"8":[0,0]}}
,"/Users/chengsong/my-app/src/routes/seat/reducers/index.js": {"path":"/Users/chengsong/my-app/src/routes/seat/reducers/index.js","statementMap":{"0":{"start":{"line":1,"column":13},"end":{"line":1,"column":75}},"1":{"start":{"line":1,"column":89},"end":{"line":13,"column":1}},"2":{"start":{"line":2,"column":2},"end":{"line":11,"column":20}},"3":{"start":{"line":4,"column":6},"end":{"line":6,"column":19}},"4":{"start":{"line":9,"column":6},"end":{"line":9,"column":57}},"5":{"start":{"line":9,"column":34},"end":{"line":9,"column":55}},"6":{"start":{"line":11,"column":6},"end":{"line":11,"column":19}},"7":{"start":{"line":13,"column":2},"end":{"line":15,"column":6}}},"fnMap":{"0":{"name":"(anonymous_0)","decl":{"start":{"line":1,"column":89},"end":{"line":1,"column":90}},"loc":{"start":{"line":1,"column":113},"end":{"line":13,"column":1}},"line":1},"1":{"name":"(anonymous_1)","decl":{"start":{"line":9,"column":26},"end":{"line":9,"column":27}},"loc":{"start":{"line":9,"column":34},"end":{"line":9,"column":55}},"line":9}},"branchMap":{"0":{"loc":{"start":{"line":1,"column":90},"end":{"line":1,"column":100}},"type":"default-arg","locations":[{"start":{"line":1,"column":98},"end":{"line":1,"column":100}}],"line":1},"1":{"loc":{"start":{"line":2,"column":2},"end":{"line":11,"column":20}},"type":"switch","locations":[{"start":{"line":3,"column":4},"end":{"line":6,"column":19}},{"start":{"line":8,"column":4},"end":{"line":9,"column":57}},{"start":{"line":10,"column":4},"end":{"line":11,"column":19}}],"line":2}},"s":{"0":0,"1":0,"2":0,"3":0,"4":0,"5":0,"6":0,"7":0},"f":{"0":0,"1":0},"b":{"0":[0],"1":[0,0,0]}}
,"/Users/chengsong/my-app/src/routes/user/Index.jsx": {"path":"/Users/chengsong/my-app/src/routes/user/Index.jsx","statementMap":{"0":{"start":{"line":1,"column":13},"end":{"line":1,"column":75}},"1":{"start":{"line":1,"column":94},"end":{"line":1,"column":145}},"2":{"start":{"line":1,"column":159},"end":{"line":1,"column":175}},"3":{"start":{"line":1,"column":190},"end":{"line":1,"column":220}},"4":{"start":{"line":2,"column":16},"end":{"line":2,"column":52}},"5":{"start":{"line":2,"column":70},"end":{"line":2,"column":103}},"6":{"start":{"line":3,"column":15},"end":{"line":3,"column":50}},"7":{"start":{"line":3,"column":67},"end":{"line":3,"column":99}},"8":{"start":{"line":4,"column":0},"end":{"line":4,"column":23}},"9":{"start":{"line":4,"column":61},"end":{"line":4,"column":115}},"10":{"start":{"line":6,"column":13},"end":{"line":34,"column":1}},"11":{"start":{"line":7,"column":2},"end":{"line":31,"column":151}},"12":{"start":{"line":34,"column":2},"end":{"line":36,"column":5}}},"fnMap":{"0":{"name":"_interopRequireDefault","decl":{"start":{"line":4,"column":32},"end":{"line":4,"column":54}},"loc":{"start":{"line":4,"column":60},"end":{"line":4,"column":116}},"line":4},"1":{"name":"(anonymous_1)","decl":{"start":{"line":6,"column":13},"end":{"line":6,"column":14}},"loc":{"start":{"line":6,"column":19},"end":{"line":34,"column":1}},"line":6}},"branchMap":{"0":{"loc":{"start":{"line":4,"column":68},"end":{"line":4,"column":114}},"type":"cond-expr","locations":[{"start":{"line":4,"column":92},"end":{"line":4,"column":95}},{"start":{"line":4,"column":98},"end":{"line":4,"column":114}}],"line":4},"1":{"loc":{"start":{"line":4,"column":68},"end":{"line":4,"column":89}},"type":"binary-expr","locations":[{"start":{"line":4,"column":68},"end":{"line":4,"column":71}},{"start":{"line":4,"column":75},"end":{"line":4,"column":89}}],"line":4}},"s":{"0":0,"1":0,"2":0,"3":0,"4":0,"5":0,"6":0,"7":0,"8":0,"9":0,"10":0,"11":0,"12":0},"f":{"0":0,"1":0},"b":{"0":[0,0],"1":[0,0]}}
}
