TN:
SF:/Users/chengsong/my-app/src/App.js
FN:7,_interopRequireDefault
FN:11,(anonymous_1)
FNF:2
FNH:0
FNDA:0,_interopRequireDefault
FNDA:0,(anonymous_1)
DA:1,0
DA:2,0
DA:3,0
DA:4,0
DA:5,0
DA:6,0
DA:7,0
DA:12,0
DA:22,0
LF:9
LH:0
BRDA:7,0,0,0
BRDA:7,0,1,0
BRDA:7,1,0,0
BRDA:7,1,1,0
BRF:4
BRH:0
end_of_record
TN:
SF:/Users/chengsong/my-app/src/index.js
FN:7,_interopRequireDefault
FNF:1
FNH:0
FNDA:0,_interopRequireDefault
DA:1,0
DA:2,0
DA:3,0
DA:4,0
DA:5,0
DA:6,0
DA:7,0
DA:9,0
DA:10,0
LF:9
LH:0
BRDA:7,0,0,0
BRDA:7,0,1,0
BRDA:7,1,0,0
BRDA:7,1,1,0
BRF:4
BRH:0
end_of_record
TN:
SF:/Users/chengsong/my-app/src/registerServiceWorker.js
FN:120,register
FN:124,(anonymous_1)
FN:127,(anonymous_2)
FN:128,registerValidSW
FN:128,(anonymous_4)
FN:128,(anonymous_5)
FN:128,(anonymous_6)
FN:135,(anonymous_7)
FN:135,checkValidServiceWorker
FN:136,(anonymous_9)
FN:138,(anonymous_10)
FN:138,(anonymous_11)
FN:139,(anonymous_12)
FN:139,unregister
FN:139,(anonymous_14)
FNF:15
FNH:0
FNDA:0,register
FNDA:0,(anonymous_1)
FNDA:0,(anonymous_2)
FNDA:0,registerValidSW
FNDA:0,(anonymous_4)
FNDA:0,(anonymous_5)
FNDA:0,(anonymous_6)
FNDA:0,(anonymous_7)
FNDA:0,checkValidServiceWorker
FNDA:0,(anonymous_9)
FNDA:0,(anonymous_10)
FNDA:0,(anonymous_11)
FNDA:0,(anonymous_12)
FNDA:0,unregister
FNDA:0,(anonymous_14)
DA:1,0
DA:21,0
DA:118,0
DA:120,0
DA:121,0
DA:124,0
DA:125,0
DA:127,0
DA:128,0
DA:132,0
DA:135,0
DA:136,0
DA:137,0
DA:138,0
DA:139,0
LF:15
LH:0
BRDA:118,0,0,0
BRDA:118,0,1,0
BRDA:118,0,2,0
BRDA:120,1,0,0
BRDA:120,1,1,0
BRDA:120,2,0,0
BRDA:120,2,1,0
BRDA:121,3,0,0
BRDA:121,3,1,0
BRDA:124,4,0,0
BRDA:124,4,1,0
BRDA:128,5,0,0
BRDA:128,5,1,0
BRDA:128,6,0,0
BRDA:128,6,1,0
BRDA:137,7,0,0
BRDA:137,7,1,0
BRDA:137,8,0,0
BRDA:137,8,1,0
BRDA:139,9,0,0
BRDA:139,9,1,0
BRF:21
BRH:0
end_of_record
TN:
SF:/Users/chengsong/my-app/src/components/CollapsibleText.jsx
FN:4,_interopRequireDefault
FN:7,(anonymous_1)
FN:31,(anonymous_2)
FN:33,(anonymous_3)
FN:37,(anonymous_4)
FN:39,(anonymous_5)
FNF:6
FNH:0
FNDA:0,_interopRequireDefault
FNDA:0,(anonymous_1)
FNDA:0,(anonymous_2)
FNDA:0,(anonymous_3)
FNDA:0,(anonymous_4)
FNDA:0,(anonymous_5)
DA:1,0
DA:2,0
DA:3,0
DA:4,0
DA:7,0
DA:32,0
DA:33,0
DA:37,0
DA:40,0
DA:41,0
DA:42,0
DA:43,0
DA:49,0
DA:52,0
DA:54,0
LF:15
LH:0
BRDA:4,0,0,0
BRDA:4,0,1,0
BRDA:4,1,0,0
BRDA:4,1,1,0
BRDA:32,2,0,0
BRDA:32,2,1,0
BRDA:37,3,0,0
BRDA:37,3,1,0
BRDA:41,4,0,0
BRDA:41,4,1,0
BRDA:42,5,0,0
BRDA:42,5,1,0
BRDA:46,6,0,0
BRDA:46,6,1,0
BRF:14
BRH:0
end_of_record
TN:
SF:/Users/chengsong/my-app/src/components/LineLink.jsx
FN:3,_interopRequireDefault
FN:5,(anonymous_1)
FNF:2
FNH:0
FNDA:0,_interopRequireDefault
FNDA:0,(anonymous_1)
DA:1,0
DA:2,0
DA:3,0
DA:5,0
DA:6,0
DA:15,0
DA:18,0
LF:7
LH:0
BRDA:3,0,0,0
BRDA:3,0,1,0
BRDA:3,1,0,0
BRDA:3,1,1,0
BRF:4
BRH:0
end_of_record
TN:
SF:/Users/chengsong/my-app/src/components/RenderToBody.jsx
FN:3,_interopRequireDefault
FN:5,(anonymous_1)
FN:20,(anonymous_2)
FN:27,(anonymous_3)
FN:35,(anonymous_4)
FN:35,(anonymous_5)
FN:35,(anonymous_6)
FN:37,(anonymous_7)
FNF:8
FNH:0
FNDA:0,_interopRequireDefault
FNDA:0,(anonymous_1)
FNDA:0,(anonymous_2)
FNDA:0,(anonymous_3)
FNDA:0,(anonymous_4)
FNDA:0,(anonymous_5)
FNDA:0,(anonymous_6)
FNDA:0,(anonymous_7)
DA:1,0
DA:2,0
DA:3,0
DA:5,0
DA:21,0
DA:28,0
DA:29,0
DA:32,0
DA:33,0
DA:34,0
DA:35,0
DA:38,0
DA:42,0
DA:43,0
LF:14
LH:0
BRDA:3,0,0,0
BRDA:3,0,1,0
BRDA:3,1,0,0
BRDA:3,1,1,0
BRDA:28,2,0,0
BRDA:28,2,1,0
BRF:6
BRH:0
end_of_record
TN:
SF:/Users/chengsong/my-app/src/components/Star.jsx
FN:10,(anonymous_0)
FNF:1
FNH:1
FNDA:1,(anonymous_0)
DA:10,1
DA:11,1
DA:13,1
DA:20,1
LF:4
LH:4
BRDA:10,0,0,1
BRF:1
BRH:1
end_of_record
TN:
SF:/Users/chengsong/my-app/src/components/TabMenu.jsx
FN:4,_interopRequireDefault
FN:6,(anonymous_1)
FNF:2
FNH:0
FNDA:0,_interopRequireDefault
FNDA:0,(anonymous_1)
DA:1,0
DA:2,0
DA:3,0
DA:4,0
DA:6,0
DA:7,0
DA:21,0
DA:22,0
LF:8
LH:0
BRDA:4,0,0,0
BRDA:4,0,1,0
BRDA:4,1,0,0
BRDA:4,1,1,0
BRDA:9,2,0,0
BRDA:9,2,1,0
BRDA:13,3,0,0
BRDA:13,3,1,0
BRF:8
BRH:0
end_of_record
TN:
SF:/Users/chengsong/my-app/src/helpers/request.js
FN:1,(anonymous_0)
FNF:1
FNH:0
FNDA:0,(anonymous_0)
DA:1,0
DA:2,0
DA:3,0
DA:7,0
DA:8,0
DA:9,0
DA:11,0
DA:12,0
LF:8
LH:0
BRDA:11,0,0,0
BRDA:11,0,1,0
BRF:2
BRH:0
end_of_record
TN:
SF:/Users/chengsong/my-app/src/routes/detail/Index.jsx
FN:11,_interopRequireDefault
FN:13,(anonymous_1)
FN:23,(anonymous_2)
FN:33,(anonymous_3)
FN:37,(anonymous_4)
FN:39,(anonymous_5)
FN:46,(anonymous_6)
FNF:7
FNH:0
FNDA:0,_interopRequireDefault
FNDA:0,(anonymous_1)
FNDA:0,(anonymous_2)
FNDA:0,(anonymous_3)
FNDA:0,(anonymous_4)
FNDA:0,(anonymous_5)
FNDA:0,(anonymous_6)
DA:1,0
DA:2,0
DA:3,0
DA:4,0
DA:5,0
DA:6,0
DA:7,0
DA:8,0
DA:9,0
DA:10,0
DA:11,0
DA:13,0
DA:24,0
DA:26,0
DA:27,0
DA:34,0
DA:37,0
DA:40,0
DA:42,0
DA:46,0
DA:86,0
LF:21
LH:0
BRDA:11,0,0,0
BRDA:11,0,1,0
BRDA:11,1,0,0
BRDA:11,1,1,0
BRDA:26,2,0,0
BRDA:26,2,1,0
BRDA:26,3,0,0
BRDA:26,3,1,0
BRDA:80,4,0,0
BRDA:80,4,1,0
BRF:10
BRH:0
end_of_record
TN:
SF:/Users/chengsong/my-app/src/routes/detail/components/Artist.jsx
FN:3,_interopRequireDefault
FN:11,(anonymous_1)
FN:16,(anonymous_2)
FNF:3
FNH:0
FNDA:0,_interopRequireDefault
FNDA:0,(anonymous_1)
FNDA:0,(anonymous_2)
DA:1,0
DA:2,0
DA:3,0
DA:11,0
DA:12,0
DA:17,0
DA:33,0
DA:34,0
LF:8
LH:0
BRDA:3,0,0,0
BRDA:3,0,1,0
BRDA:3,1,0,0
BRDA:3,1,1,0
BRF:4
BRH:0
end_of_record
TN:
SF:/Users/chengsong/my-app/src/routes/detail/components/BaseInfo.jsx
FN:3,_interopRequireDefault
FN:6,(anonymous_1)
FNF:2
FNH:0
FNDA:0,_interopRequireDefault
FNDA:0,(anonymous_1)
DA:1,0
DA:2,0
DA:3,0
DA:6,0
DA:7,0
DA:21,0
DA:22,0
LF:7
LH:0
BRDA:3,0,0,0
BRDA:3,0,1,0
BRDA:3,1,0,0
BRDA:3,1,1,0
BRF:4
BRH:0
end_of_record
TN:
SF:/Users/chengsong/my-app/src/routes/detail/components/CommentList.jsx
FN:5,_interopRequireDefault
FN:7,(anonymous_1)
FN:11,(anonymous_2)
FN:25,(anonymous_3)
FNF:4
FNH:0
FNDA:0,_interopRequireDefault
FNDA:0,(anonymous_1)
FNDA:0,(anonymous_2)
FNDA:0,(anonymous_3)
DA:1,0
DA:2,0
DA:3,0
DA:4,0
DA:5,0
DA:7,0
DA:8,0
DA:12,0
DA:25,0
DA:36,0
DA:38,0
LF:11
LH:0
BRDA:5,0,0,0
BRDA:5,0,1,0
BRDA:5,1,0,0
BRDA:5,1,1,0
BRDA:24,2,0,0
BRDA:24,2,1,0
BRF:6
BRH:0
end_of_record
TN:
SF:/Users/chengsong/my-app/src/routes/detail/components/ScoreDistribute.jsx
FN:4,_interopRequireDefault
FN:6,(anonymous_1)
FNF:2
FNH:0
FNDA:0,_interopRequireDefault
FNDA:0,(anonymous_1)
DA:1,0
DA:2,0
DA:3,0
DA:4,0
DA:6,0
DA:7,0
DA:51,0
LF:7
LH:0
BRDA:4,0,0,0
BRDA:4,0,1,0
BRDA:4,1,0,0
BRDA:4,1,1,0
BRF:4
BRH:0
end_of_record
TN:
SF:/Users/chengsong/my-app/src/routes/detail/components/ScoreSummary.jsx
FN:3,_interopRequireDefault
FN:5,(anonymous_1)
FNF:2
FNH:0
FNDA:0,_interopRequireDefault
FNDA:0,(anonymous_1)
DA:1,0
DA:2,0
DA:3,0
DA:5,0
DA:6,0
DA:28,0
LF:6
LH:0
BRDA:3,0,0,0
BRDA:3,0,1,0
BRDA:3,1,0,0
BRDA:3,1,1,0
BRF:4
BRH:0
end_of_record
TN:
SF:/Users/chengsong/my-app/src/routes/detail/components/TagList.jsx
FN:3,_interopRequireDefault
FN:5,(anonymous_1)
FN:6,(anonymous_2)
FN:15,(anonymous_3)
FN:19,(anonymous_4)
FNF:5
FNH:0
FNDA:0,_interopRequireDefault
FNDA:0,(anonymous_1)
FNDA:0,(anonymous_2)
FNDA:0,(anonymous_3)
FNDA:0,(anonymous_4)
DA:1,0
DA:2,0
DA:3,0
DA:5,0
DA:6,0
DA:7,0
DA:8,0
DA:12,0
DA:16,0
DA:19,0
DA:29,0
DA:32,0
LF:12
LH:0
BRDA:3,0,0,0
BRDA:3,0,1,0
BRDA:3,1,0,0
BRDA:3,1,1,0
BRDA:7,2,0,0
BRDA:7,2,1,0
BRDA:18,3,0,0
BRDA:18,3,1,0
BRF:8
BRH:0
end_of_record
TN:
SF:/Users/chengsong/my-app/src/routes/detail/container/Comment.jsx
FN:6,_interopRequireDefault
FN:8,(anonymous_1)
FN:21,(anonymous_2)
FN:31,(anonymous_3)
FN:37,(anonymous_4)
FN:38,(anonymous_5)
FN:39,(anonymous_6)
FN:51,(anonymous_7)
FN:53,(anonymous_8)
FN:55,(anonymous_9)
FNF:10
FNH:0
FNDA:0,_interopRequireDefault
FNDA:0,(anonymous_1)
FNDA:0,(anonymous_2)
FNDA:0,(anonymous_3)
FNDA:0,(anonymous_4)
FNDA:0,(anonymous_5)
FNDA:0,(anonymous_6)
FNDA:0,(anonymous_7)
FNDA:0,(anonymous_8)
FNDA:0,(anonymous_9)
DA:1,0
DA:2,0
DA:3,0
DA:4,0
DA:5,0
DA:6,0
DA:8,0
DA:22,0
DA:24,0
DA:32,0
DA:38,0
DA:40,0
DA:41,0
DA:48,0
DA:51,0
DA:54,0
DA:55,0
DA:57,0
DA:71,0
LF:19
LH:0
BRDA:6,0,0,0
BRDA:6,0,1,0
BRDA:6,1,0,0
BRDA:6,1,1,0
BRDA:27,2,0,0
BRDA:27,2,1,0
BRDA:40,3,0,0
BRDA:40,3,1,0
BRDA:44,4,0,0
BRDA:44,4,1,0
BRF:10
BRH:0
end_of_record
TN:
SF:/Users/chengsong/my-app/src/routes/detail/container/ImageSlider.jsx
FN:4,_interopRequireDefault
FN:6,(anonymous_1)
FN:11,(anonymous_2)
FN:17,(anonymous_3)
FNF:4
FNH:0
FNDA:0,_interopRequireDefault
FNDA:0,(anonymous_1)
FNDA:0,(anonymous_2)
FNDA:0,(anonymous_3)
DA:1,0
DA:2,0
DA:3,0
DA:4,0
DA:6,0
DA:12,0
DA:18,0
DA:23,0
DA:53,0
DA:54,0
LF:10
LH:0
BRDA:4,0,0,0
BRDA:4,0,1,0
BRDA:4,1,0,0
BRDA:4,1,1,0
BRF:4
BRH:0
end_of_record
TN:
SF:/Users/chengsong/my-app/src/routes/home/Index.jsx
FN:10,_interopRequireDefault
FN:12,(anonymous_1)
FN:20,(anonymous_2)
FN:26,(anonymous_3)
FN:32,(anonymous_4)
FN:44,(anonymous_5)
FN:55,(anonymous_6)
FN:59,(anonymous_7)
FN:61,(anonymous_8)
FN:73,(anonymous_9)
FNF:10
FNH:0
FNDA:0,_interopRequireDefault
FNDA:0,(anonymous_1)
FNDA:0,(anonymous_2)
FNDA:0,(anonymous_3)
FNDA:0,(anonymous_4)
FNDA:0,(anonymous_5)
FNDA:0,(anonymous_6)
FNDA:0,(anonymous_7)
FNDA:0,(anonymous_8)
FNDA:0,(anonymous_9)
DA:1,0
DA:2,0
DA:3,0
DA:4,0
DA:5,0
DA:6,0
DA:7,0
DA:8,0
DA:9,0
DA:10,0
DA:12,0
DA:21,0
DA:27,0
DA:33,0
DA:36,0
DA:45,0
DA:46,0
DA:48,0
DA:56,0
DA:59,0
DA:62,0
DA:64,0
DA:73,0
DA:82,0
LF:24
LH:0
BRDA:10,0,0,0
BRDA:10,0,1,0
BRDA:10,1,0,0
BRDA:10,1,1,0
BRDA:76,2,0,0
BRDA:76,2,1,0
BRF:6
BRH:0
end_of_record
TN:
SF:/Users/chengsong/my-app/src/routes/home/components/CityLayer.jsx
FN:4,_interopRequireDefault
FN:6,(anonymous_1)
FN:17,(anonymous_2)
FN:26,(anonymous_3)
FN:28,(anonymous_4)
FN:43,(anonymous_5)
FN:49,(anonymous_6)
FN:49,(anonymous_7)
FN:52,(anonymous_8)
FN:59,(anonymous_9)
FN:59,(anonymous_10)
FN:69,(anonymous_11)
FNF:12
FNH:0
FNDA:0,_interopRequireDefault
FNDA:0,(anonymous_1)
FNDA:0,(anonymous_2)
FNDA:0,(anonymous_3)
FNDA:0,(anonymous_4)
FNDA:0,(anonymous_5)
FNDA:0,(anonymous_6)
FNDA:0,(anonymous_7)
FNDA:0,(anonymous_8)
FNDA:0,(anonymous_9)
FNDA:0,(anonymous_10)
FNDA:0,(anonymous_11)
DA:1,0
DA:2,0
DA:3,0
DA:4,0
DA:6,0
DA:18,0
DA:19,0
DA:21,0
DA:26,0
DA:29,0
DA:30,0
DA:31,0
DA:33,0
DA:43,0
DA:49,0
DA:53,0
DA:55,0
DA:59,0
DA:69,0
DA:77,0
DA:79,0
LF:21
LH:0
BRDA:4,0,0,0
BRDA:4,0,1,0
BRDA:4,1,0,0
BRDA:4,1,1,0
BRF:4
BRH:0
end_of_record
TN:
SF:/Users/chengsong/my-app/src/routes/home/components/MovieItem.jsx
FN:3,_interopRequireDefault
FN:5,(anonymous_1)
FN:18,(anonymous_2)
FNF:3
FNH:0
FNDA:0,_interopRequireDefault
FNDA:0,(anonymous_1)
FNDA:0,(anonymous_2)
DA:1,0
DA:2,0
DA:3,0
DA:5,0
DA:6,0
DA:19,0
DA:20,0
DA:22,0
DA:35,0
DA:36,0
LF:10
LH:0
BRDA:3,0,0,0
BRDA:3,0,1,0
BRDA:3,1,0,0
BRDA:3,1,1,0
BRDA:15,2,0,0
BRDA:15,2,1,0
BRDA:19,3,0,0
BRDA:19,3,1,0
BRF:8
BRH:0
end_of_record
TN:
SF:/Users/chengsong/my-app/src/routes/home/components/Slide.jsx
FN:4,_interopRequireDefault
FN:6,(anonymous_1)
FN:17,(anonymous_2)
FNF:3
FNH:0
FNDA:0,_interopRequireDefault
FNDA:0,(anonymous_1)
FNDA:0,(anonymous_2)
DA:1,0
DA:2,0
DA:3,0
DA:4,0
DA:6,0
DA:7,0
DA:14,0
DA:18,0
DA:27,0
DA:28,0
LF:10
LH:0
BRDA:4,0,0,0
BRDA:4,0,1,0
BRDA:4,1,0,0
BRDA:4,1,1,0
BRF:4
BRH:0
end_of_record
TN:
SF:/Users/chengsong/my-app/src/routes/home/components/TopBar.jsx
FN:3,_interopRequireDefault
FN:11,(anonymous_1)
FNF:2
FNH:0
FNDA:0,_interopRequireDefault
FNDA:0,(anonymous_1)
DA:1,0
DA:2,0
DA:3,0
DA:11,0
DA:12,0
DA:21,0
DA:23,0
LF:7
LH:0
BRDA:3,0,0,0
BRDA:3,0,1,0
BRDA:3,1,0,0
BRDA:3,1,1,0
BRF:4
BRH:0
end_of_record
TN:
SF:/Users/chengsong/my-app/src/routes/seat/Index.jsx
FN:8,_interopRequireDefault
FN:29,(anonymous_1)
FN:36,(anonymous_2)
FNF:3
FNH:0
FNDA:0,_interopRequireDefault
FNDA:0,(anonymous_1)
FNDA:0,(anonymous_2)
DA:1,0
DA:2,0
DA:3,0
DA:4,0
DA:5,0
DA:6,0
DA:7,0
DA:8,0
DA:10,0
DA:32,0
DA:36,0
DA:55,0
LF:12
LH:0
BRDA:8,0,0,0
BRDA:8,0,1,0
BRDA:8,1,0,0
BRDA:8,1,1,0
BRF:4
BRH:0
end_of_record
TN:
SF:/Users/chengsong/my-app/src/routes/seat/actions/index.js
FN:1,(anonymous_0)
FN:8,(anonymous_1)
FNF:2
FNH:0
FNDA:0,(anonymous_0)
FNDA:0,(anonymous_1)
DA:1,0
DA:2,0
DA:8,0
DA:9,0
LF:4
LH:0
BRF:0
BRH:0
end_of_record
TN:
SF:/Users/chengsong/my-app/src/routes/seat/components/MovieInfo.jsx
FN:2,_interopRequireDefault
FN:4,(anonymous_1)
FNF:2
FNH:0
FNDA:0,_interopRequireDefault
FNDA:0,(anonymous_1)
DA:1,0
DA:2,0
DA:4,0
DA:5,0
DA:11,0
LF:5
LH:0
BRDA:2,0,0,0
BRDA:2,0,1,0
BRDA:2,1,0,0
BRDA:2,1,1,0
BRF:4
BRH:0
end_of_record
TN:
SF:/Users/chengsong/my-app/src/routes/seat/components/SeatSelected.jsx
FN:5,_interopRequireDefault
FN:7,(anonymous_1)
FN:15,(anonymous_2)
FN:21,(anonymous_3)
FN:36,(anonymous_4)
FN:42,(anonymous_5)
FN:44,(anonymous_6)
FNF:7
FNH:0
FNDA:0,_interopRequireDefault
FNDA:0,(anonymous_1)
FNDA:0,(anonymous_2)
FNDA:0,(anonymous_3)
FNDA:0,(anonymous_4)
FNDA:0,(anonymous_5)
FNDA:0,(anonymous_6)
DA:1,0
DA:2,0
DA:3,0
DA:4,0
DA:5,0
DA:7,0
DA:8,0
DA:9,0
DA:11,0
DA:16,0
DA:21,0
DA:31,0
DA:36,0
DA:37,0
DA:42,0
DA:43,0
DA:45,0
DA:48,0
LF:18
LH:0
BRDA:5,0,0,0
BRDA:5,0,1,0
BRDA:5,1,0,0
BRDA:5,1,1,0
BRDA:8,2,0,0
BRDA:8,2,1,0
BRF:6
BRH:0
end_of_record
TN:
SF:/Users/chengsong/my-app/src/routes/seat/container/SeatSelector.jsx
FN:5,_interopRequireDefault
FN:28,(anonymous_1)
FN:68,(anonymous_2)
FN:85,(anonymous_3)
FN:98,(anonymous_4)
FN:105,(anonymous_5)
FN:112,(anonymous_6)
FN:125,(anonymous_7)
FN:127,(anonymous_8)
FN:127,(anonymous_9)
FN:129,(anonymous_10)
FN:140,(anonymous_11)
FN:146,(anonymous_12)
FN:148,(anonymous_13)
FN:151,(anonymous_14)
FNF:15
FNH:0
FNDA:0,_interopRequireDefault
FNDA:0,(anonymous_1)
FNDA:0,(anonymous_2)
FNDA:0,(anonymous_3)
FNDA:0,(anonymous_4)
FNDA:0,(anonymous_5)
FNDA:0,(anonymous_6)
FNDA:0,(anonymous_7)
FNDA:0,(anonymous_8)
FNDA:0,(anonymous_9)
FNDA:0,(anonymous_10)
FNDA:0,(anonymous_11)
FNDA:0,(anonymous_12)
FNDA:0,(anonymous_13)
FNDA:0,(anonymous_14)
DA:1,0
DA:2,0
DA:3,0
DA:4,0
DA:5,0
DA:7,0
DA:8,0
DA:9,0
DA:10,0
DA:11,0
DA:12,0
DA:13,0
DA:14,0
DA:15,0
DA:16,0
DA:28,0
DA:69,0
DA:71,0
DA:72,0
DA:73,0
DA:74,0
DA:75,0
DA:77,0
DA:80,0
DA:86,0
DA:88,0
DA:89,0
DA:90,0
DA:91,0
DA:92,0
DA:93,0
DA:94,0
DA:99,0
DA:100,0
DA:101,0
DA:102,0
DA:103,0
DA:105,0
DA:108,0
DA:109,0
DA:112,0
DA:114,0
DA:116,0
DA:118,0
DA:120,0
DA:122,0
DA:126,0
DA:127,0
DA:128,0
DA:129,0
DA:134,0
DA:140,0
DA:141,0
DA:146,0
DA:147,0
DA:149,0
DA:152,0
DA:155,0
LF:58
LH:0
BRDA:5,0,0,0
BRDA:5,0,1,0
BRDA:5,1,0,0
BRDA:5,1,1,0
BRDA:75,2,0,0
BRDA:75,2,1,0
BRDA:105,3,0,0
BRDA:105,3,1,0
BRDA:108,4,0,0
BRDA:108,4,1,0
BRDA:108,5,0,0
BRDA:108,5,1,0
BRDA:114,6,0,0
BRDA:114,6,1,0
BRDA:118,7,0,0
BRDA:118,7,1,0
BRDA:127,8,0,0
BRDA:127,8,1,0
BRF:18
BRH:0
end_of_record
TN:
SF:/Users/chengsong/my-app/src/routes/seat/reducers/index.js
FN:1,(anonymous_0)
FN:9,(anonymous_1)
FNF:2
FNH:0
FNDA:0,(anonymous_0)
FNDA:0,(anonymous_1)
DA:1,0
DA:2,0
DA:4,0
DA:9,0
DA:11,0
DA:13,0
LF:6
LH:0
BRDA:1,0,0,0
BRDA:2,1,0,0
BRDA:2,1,1,0
BRDA:2,1,2,0
BRF:4
BRH:0
end_of_record
TN:
SF:/Users/chengsong/my-app/src/routes/user/Index.jsx
FN:4,_interopRequireDefault
FN:6,(anonymous_1)
FNF:2
FNH:0
FNDA:0,_interopRequireDefault
FNDA:0,(anonymous_1)
DA:1,0
DA:2,0
DA:3,0
DA:4,0
DA:6,0
DA:7,0
DA:34,0
LF:7
LH:0
BRDA:4,0,0,0
BRDA:4,0,1,0
BRDA:4,1,0,0
BRDA:4,1,1,0
BRF:4
BRH:0
end_of_record
